#
# There is insufficient memory for the Java Runtime Environment to continue.
# Native memory allocation (mmap) failed to map 10485760 bytes for G1 virtual space
# Possible reasons:
#   The system is out of physical RAM or swap space
#   The process is running with CompressedOops enabled, and the Java Heap may be blocking the growth of the native heap
# Possible solutions:
#   Reduce memory load on the system
#   Increase physical memory or swap space
#   Check if swap backing store is full
#   Decrease Java heap size (-Xmx/-Xms)
#   Decrease number of Java threads
#   Decrease Java thread stack sizes (-Xss)
#   Set larger code cache with -XX:ReservedCodeCacheSize=
#   JVM is running with Unscaled Compressed Oops mode in which the Java heap is
#     placed in the first 4GB address space. The Java Heap base address is the
#     maximum limit for the native heap growth. Please use -XX:HeapBaseMinAddress
#     to set the Java Heap base and to place the Java Heap above 4GB virtual address.
# This output file may be truncated or incomplete.
#
#  Out of Memory Error (./open/src/hotspot/os/windows/os_windows.cpp:3472), pid=2304, tid=10324
#
# JRE version: OpenJDK Runtime Environment (15.0.1+9) (build 15.0.1+9-18)
# Java VM: OpenJDK 64-Bit Server VM (15.0.1+9-18, mixed mode, tiered, compressed oops, g1 gc, windows-amd64)
# No core dump will be written. Minidumps are not enabled by default on client versions of Windows
#

---------------  S U M M A R Y ------------

Command Line: -Dfile.encoding=UTF-8 -XX:+ShowCodeDetailsInExceptionMessages org.generation.blogPessoal.BlogPessoalApplication

Host: Intel(R) Core(TM) i5-8250U CPU @ 1.60GHz, 8 cores, 3G,  Windows 10 , 64 bit Build 19041 (10.0.19041.928)
Time: Fri May 21 16:11:42 2021 Hora oficial do Brasil elapsed time: 2.999056 seconds (0d 0h 0m 2s)

---------------  T H R E A D  ---------------

Current thread (0x0000026ea9531780):  VMThread "VM Thread" [stack: 0x000000b66ce00000,0x000000b66cf00000] [id=10324]

Stack: [0x000000b66ce00000,0x000000b66cf00000]
[error occurred during error reporting (printing stack bounds), id 0xc0000005, EXCEPTION_ACCESS_VIOLATION (0xc0000005) at pc=0x0000026e952710ad]

Native frames: (J=compiled Java code, j=interpreted, Vv=VM code, C=native code)
V  [jvm.dll+0x62ae9a]
V  [jvm.dll+0x781389]
V  [jvm.dll+0x782ae3]
V  [jvm.dll+0x7830a5]
V  [jvm.dll+0x78305b]
V  [jvm.dll+0x62a2b9]
V  [jvm.dll+0x62aa88]
C  [ntdll.dll+0xa217f]
C  [ntdll.dll+0x51454]
C  [ntdll.dll+0xa0cae]
C  0x0000026e952710ad

VM_Operation (0x000000b66dcfd460): G1CollectForAllocation, mode: safepoint, requested by thread 0x0000026eaaf54c10


---------------  P R O C E S S  ---------------

Threads class SMR info:
_java_thread_list=0x0000026eab229ae0, length=13, elements={
0x0000026e91860500, 0x0000026ea9568010, 0x0000026ea9568ac0, 0x0000026ea9555f80,
0x0000026ea958b020, 0x0000026ea958b6e0, 0x0000026ea958e580, 0x0000026ea9ea8660,
0x0000026ea9eb9830, 0x0000026eaa031b80, 0x0000026eaa032360, 0x0000026eaafc01c0,
0x0000026eaaf54c10
}

Java Threads: ( => current thread )
  0x0000026e91860500 JavaThread "main" [_thread_blocked, id=7360, stack(0x000000b66c800000,0x000000b66c900000)]
  0x0000026ea9568010 JavaThread "Reference Handler" daemon [_thread_blocked, id=7180, stack(0x000000b66cf00000,0x000000b66d000000)]
  0x0000026ea9568ac0 JavaThread "Finalizer" daemon [_thread_blocked, id=8772, stack(0x000000b66d000000,0x000000b66d100000)]
  0x0000026ea9555f80 JavaThread "Signal Dispatcher" daemon [_thread_blocked, id=6508, stack(0x000000b66d100000,0x000000b66d200000)]
  0x0000026ea958b020 JavaThread "Attach Listener" daemon [_thread_blocked, id=12188, stack(0x000000b66d200000,0x000000b66d300000)]
  0x0000026ea958b6e0 JavaThread "Service Thread" daemon [_thread_blocked, id=496, stack(0x000000b66d300000,0x000000b66d400000)]
  0x0000026ea958e580 JavaThread "C2 CompilerThread0" daemon [_thread_blocked, id=10732, stack(0x000000b66d400000,0x000000b66d500000)]
  0x0000026ea9ea8660 JavaThread "C1 CompilerThread0" daemon [_thread_blocked, id=4332, stack(0x000000b66d500000,0x000000b66d600000)]
  0x0000026ea9eb9830 JavaThread "Sweeper thread" daemon [_thread_blocked, id=4696, stack(0x000000b66d600000,0x000000b66d700000)]
  0x0000026eaa031b80 JavaThread "Notification Thread" daemon [_thread_blocked, id=4776, stack(0x000000b66d700000,0x000000b66d800000)]
  0x0000026eaa032360 JavaThread "Common-Cleaner" daemon [_thread_blocked, id=3864, stack(0x000000b66d900000,0x000000b66da00000)]
  0x0000026eaafc01c0 JavaThread "Thread-0" [_thread_blocked, id=7508, stack(0x000000b66db00000,0x000000b66dc00000)]
  0x0000026eaaf54c10 JavaThread "restartedMain" [_thread_blocked, id=6616, stack(0x000000b66dc00000,0x000000b66dd00000)]

Other Threads:
=>0x0000026ea9531780 VMThread "VM Thread" [stack: 0x000000b66ce00000,0x000000b66cf00000] [id=10324]
  0x0000026eaa032050 WatcherThread [stack: 0x000000b66d800000,0x000000b66d900000] [id=856]
  0x0000026e9188d420 GCTaskThread "GC Thread#0" [stack: 0x000000b66c900000,0x000000b66ca00000] [id=8648]
  0x0000026eaa29b620 GCTaskThread "GC Thread#1" [stack: 0x000000b66da00000,0x000000b66db00000] [id=5528]
  0x0000026eaa29b950 GCTaskThread "GC Thread#2" [stack: 0x000000b66de00000,0x000000b66df00000] [id=11656]
  0x0000026eaa29c2e0 GCTaskThread "GC Thread#3" [stack: 0x000000b66df00000,0x000000b66e000000] [id=5248]
  0x0000026eaa29d930 GCTaskThread "GC Thread#4" [stack: 0x000000b66e000000,0x000000b66e100000] [id=660]
  0x0000026eaa29df90 GCTaskThread "GC Thread#5" [stack: 0x000000b66e100000,0x000000b66e200000] [id=9716]
  0x0000026eaa29afc0 GCTaskThread "GC Thread#6" [stack: 0x000000b66e200000,0x000000b66e300000] [id=11288]
  0x0000026eaa29b2f0 GCTaskThread "GC Thread#7" [stack: 0x000000b66e300000,0x000000b66e400000] [id=1560]
  0x0000026e91896430 ConcurrentGCThread "G1 Main Marker" [stack: 0x000000b66ca00000,0x000000b66cb00000] [id=10092]
  0x0000026e91898850 ConcurrentGCThread "G1 Conc#0" [stack: 0x000000b66cb00000,0x000000b66cc00000] [id=1248]
  0x0000026eaa29d600 ConcurrentGCThread "G1 Conc#1" [stack: 0x000000b66e400000,0x000000b66e500000] [id=6644]
  0x0000026e918fa730 ConcurrentGCThread "G1 Refine#0" [stack: 0x000000b66cc00000,0x000000b66cd00000] [id=732]
  0x0000026e918fc340 ConcurrentGCThread "G1 Young RemSet Sampling" [stack: 0x000000b66cd00000,0x000000b66ce00000] [id=4596]

Threads with active compile tasks:
C2 CompilerThread0     3051 3592       4       org.springframework.boot.context.properties.source.ConfigurationPropertyName$ElementsParser::parse (234 bytes)

VM state: at safepoint (normal execution)

VM Mutex/Monitor currently owned by a thread:  ([mutex/lock_event])
[0x0000026e9185ae70] Threads_lock - owner thread: 0x0000026ea9531780
[0x0000026e9185ca00] Heap_lock - owner thread: 0x0000026eaaf54c10

Heap address: 0x00000000c1600000, size: 1002 MB, Compressed Oops mode: 32-bit
CDS disabled.
Compressed class space mapped at: 0x0000000100000000-0x0000000140000000, size: 1073741824
Narrow klass base: 0x0000000000000000, Narrow klass shift: 3, Narrow klass range: 0x140000000

GC Precious Log:
 CPUs: 8 total, 8 available
 Memory: 4005M
 Large Page Support: Disabled
 NUMA Support: Disabled
 Compressed Oops: Enabled (32-bit)
 Heap Region Size: 1M
 Heap Min Capacity: 8M
 Heap Initial Capacity: 64M
 Heap Max Capacity: 1002M
 Pre-touch: Disabled
 Parallel Workers: 8
 Concurrent Workers: 2
 Concurrent Refinement Workers: 8
 Periodic GC: Disabled

Heap:
 garbage-first heap   total 65536K, used 18138K [0x00000000c1600000, 0x0000000100000000)
  region size 1024K, 2 young (2048K), 2 survivors (2048K)
 Metaspace       used 38259K, capacity 38689K, committed 38864K, reserved 1083392K
  class space    used 4495K, capacity 4634K, committed 4736K, reserved 1048576K

Heap Regions: E=young(eden), S=young(survivor), O=old, HS=humongous(starts), HC=humongous(continues), CS=collection set, F=free, OA=open archive, CA=closed archive, TAMS=top-at-mark-start (previous, next)
|   0|0x00000000c1600000, 0x00000000c1700000, 0x00000000c1700000|100%|HS|  |TAMS 0x00000000c1700000, 0x00000000c1600000| Complete 
|   1|0x00000000c1700000, 0x00000000c1800000, 0x00000000c1800000|100%| O|  |TAMS 0x00000000c1800000, 0x00000000c1700000| Untracked 
|   2|0x00000000c1800000, 0x00000000c1900000, 0x00000000c1900000|100%| O|  |TAMS 0x00000000c1900000, 0x00000000c1800000| Untracked 
|   3|0x00000000c1900000, 0x00000000c1a00000, 0x00000000c1a00000|100%| O|  |TAMS 0x00000000c1a00000, 0x00000000c1900000| Untracked 
|   4|0x00000000c1a00000, 0x00000000c1b00000, 0x00000000c1b00000|100%| O|  |TAMS 0x00000000c1b00000, 0x00000000c1a00000| Untracked 
|   5|0x00000000c1b00000, 0x00000000c1c00000, 0x00000000c1c00000|100%| O|  |TAMS 0x00000000c1c00000, 0x00000000c1b00000| Untracked 
|   6|0x00000000c1c00000, 0x00000000c1d00000, 0x00000000c1d00000|100%| O|  |TAMS 0x00000000c1d00000, 0x00000000c1c00000| Untracked 
|   7|0x00000000c1d00000, 0x00000000c1d18000, 0x00000000c1e00000|  9%| O|  |TAMS 0x00000000c1d18000, 0x00000000c1d00000| Untracked 
|   8|0x00000000c1e00000, 0x00000000c1f00000, 0x00000000c1f00000|100%| O|  |TAMS 0x00000000c1f00000, 0x00000000c1e00000| Untracked 
|   9|0x00000000c1f00000, 0x00000000c2000000, 0x00000000c2000000|100%| O|  |TAMS 0x00000000c2000000, 0x00000000c1f00000| Untracked 
|  10|0x00000000c2000000, 0x00000000c2100000, 0x00000000c2100000|100%| O|  |TAMS 0x00000000c2100000, 0x00000000c2000000| Untracked 
|  11|0x00000000c2100000, 0x00000000c2200000, 0x00000000c2200000|100%| O|  |TAMS 0x00000000c2200000, 0x00000000c2100000| Untracked 
|  12|0x00000000c2200000, 0x00000000c2300000, 0x00000000c2300000|100%| O|  |TAMS 0x00000000c2284c00, 0x00000000c2200000| Untracked 
|  13|0x00000000c2300000, 0x00000000c2400000, 0x00000000c2400000|100%| O|  |TAMS 0x00000000c2300000, 0x00000000c2300000| Untracked 
|  14|0x00000000c2400000, 0x00000000c2500000, 0x00000000c2500000|100%| O|  |TAMS 0x00000000c2400000, 0x00000000c2400000| Untracked 
|  15|0x00000000c2500000, 0x00000000c2600000, 0x00000000c2600000|100%| O|  |TAMS 0x00000000c2500000, 0x00000000c2500000| Untracked 
|  16|0x00000000c2600000, 0x00000000c26cc000, 0x00000000c2700000| 79%| O|  |TAMS 0x00000000c2600000, 0x00000000c2600000| Untracked 
|  17|0x00000000c2700000, 0x00000000c2700000, 0x00000000c2800000|  0%| F|  |TAMS 0x00000000c2700000, 0x00000000c2700000| Untracked 
|  18|0x00000000c2800000, 0x00000000c2800000, 0x00000000c2900000|  0%| F|  |TAMS 0x00000000c2800000, 0x00000000c2800000| Untracked 
|  19|0x00000000c2900000, 0x00000000c2900000, 0x00000000c2a00000|  0%| F|  |TAMS 0x00000000c2900000, 0x00000000c2900000| Untracked 
|  20|0x00000000c2a00000, 0x00000000c2a00000, 0x00000000c2b00000|  0%| F|  |TAMS 0x00000000c2a00000, 0x00000000c2a00000| Untracked 
|  21|0x00000000c2b00000, 0x00000000c2b00000, 0x00000000c2c00000|  0%| F|  |TAMS 0x00000000c2b00000, 0x00000000c2b00000| Untracked 
|  22|0x00000000c2c00000, 0x00000000c2c00000, 0x00000000c2d00000|  0%| F|  |TAMS 0x00000000c2c00000, 0x00000000c2c00000| Untracked 
|  23|0x00000000c2d00000, 0x00000000c2d00000, 0x00000000c2e00000|  0%| F|  |TAMS 0x00000000c2d00000, 0x00000000c2d00000| Untracked 
|  24|0x00000000c2e00000, 0x00000000c2e00000, 0x00000000c2f00000|  0%| F|  |TAMS 0x00000000c2e00000, 0x00000000c2e00000| Untracked 
|  25|0x00000000c2f00000, 0x00000000c2f00000, 0x00000000c3000000|  0%| F|  |TAMS 0x00000000c2f00000, 0x00000000c2f00000| Untracked 
|  26|0x00000000c3000000, 0x00000000c3000000, 0x00000000c3100000|  0%| F|  |TAMS 0x00000000c3000000, 0x00000000c3000000| Untracked 
|  27|0x00000000c3100000, 0x00000000c3100000, 0x00000000c3200000|  0%| F|  |TAMS 0x00000000c3100000, 0x00000000c3100000| Untracked 
|  28|0x00000000c3200000, 0x00000000c3200000, 0x00000000c3300000|  0%| F|  |TAMS 0x00000000c3200000, 0x00000000c3200000| Untracked 
|  29|0x00000000c3300000, 0x00000000c3300000, 0x00000000c3400000|  0%| F|  |TAMS 0x00000000c3300000, 0x00000000c3300000| Untracked 
|  30|0x00000000c3400000, 0x00000000c3400000, 0x00000000c3500000|  0%| F|  |TAMS 0x00000000c3400000, 0x00000000c3400000| Untracked 
|  31|0x00000000c3500000, 0x00000000c35d2b10, 0x00000000c3600000| 82%| S|CS|TAMS 0x00000000c3500000, 0x00000000c3500000| Complete 
|  32|0x00000000c3600000, 0x00000000c3700000, 0x00000000c3700000|100%| S|CS|TAMS 0x00000000c3600000, 0x00000000c3600000| Complete 
|  33|0x00000000c3700000, 0x00000000c3700000, 0x00000000c3800000|  0%| F|  |TAMS 0x00000000c3700000, 0x00000000c3700000| Untracked 
|  34|0x00000000c3800000, 0x00000000c3800000, 0x00000000c3900000|  0%| F|  |TAMS 0x00000000c3800000, 0x00000000c3800000| Untracked 
|  35|0x00000000c3900000, 0x00000000c3900000, 0x00000000c3a00000|  0%| F|  |TAMS 0x00000000c3900000, 0x00000000c3900000| Untracked 
|  36|0x00000000c3a00000, 0x00000000c3a00000, 0x00000000c3b00000|  0%| F|  |TAMS 0x00000000c3a00000, 0x00000000c3a00000| Untracked 
|  37|0x00000000c3b00000, 0x00000000c3b00000, 0x00000000c3c00000|  0%| F|  |TAMS 0x00000000c3b00000, 0x00000000c3b00000| Untracked 
|  38|0x00000000c3c00000, 0x00000000c3c00000, 0x00000000c3d00000|  0%| F|  |TAMS 0x00000000c3c00000, 0x00000000c3c00000| Untracked 
|  39|0x00000000c3d00000, 0x00000000c3d00000, 0x00000000c3e00000|  0%| F|  |TAMS 0x00000000c3d00000, 0x00000000c3d00000| Untracked 
|  40|0x00000000c3e00000, 0x00000000c3e00000, 0x00000000c3f00000|  0%| F|  |TAMS 0x00000000c3e00000, 0x00000000c3e00000| Untracked 
|  41|0x00000000c3f00000, 0x00000000c3f00000, 0x00000000c4000000|  0%| F|  |TAMS 0x00000000c3f00000, 0x00000000c3f00000| Untracked 
|  42|0x00000000c4000000, 0x00000000c4000000, 0x00000000c4100000|  0%| F|  |TAMS 0x00000000c4000000, 0x00000000c4000000| Untracked 
|  43|0x00000000c4100000, 0x00000000c4100000, 0x00000000c4200000|  0%| F|  |TAMS 0x00000000c4100000, 0x00000000c4100000| Untracked 
|  44|0x00000000c4200000, 0x00000000c4200000, 0x00000000c4300000|  0%| F|  |TAMS 0x00000000c4200000, 0x00000000c4200000| Untracked 
|  45|0x00000000c4300000, 0x00000000c4300000, 0x00000000c4400000|  0%| F|  |TAMS 0x00000000c4300000, 0x00000000c4300000| Untracked 
|  46|0x00000000c4400000, 0x00000000c4400000, 0x00000000c4500000|  0%| F|  |TAMS 0x00000000c4400000, 0x00000000c4400000| Untracked 
|  47|0x00000000c4500000, 0x00000000c4500000, 0x00000000c4600000|  0%| F|  |TAMS 0x00000000c4500000, 0x00000000c4500000| Untracked 
|  48|0x00000000c4600000, 0x00000000c4600000, 0x00000000c4700000|  0%| F|  |TAMS 0x00000000c4600000, 0x00000000c4600000| Untracked 
|  49|0x00000000c4700000, 0x00000000c4700000, 0x00000000c4800000|  0%| F|  |TAMS 0x00000000c4700000, 0x00000000c4700000| Untracked 
|  50|0x00000000c4800000, 0x00000000c4800000, 0x00000000c4900000|  0%| F|  |TAMS 0x00000000c4800000, 0x00000000c4800000| Untracked 
|  51|0x00000000c4900000, 0x00000000c4900000, 0x00000000c4a00000|  0%| F|  |TAMS 0x00000000c4900000, 0x00000000c4900000| Untracked 
|  52|0x00000000c4a00000, 0x00000000c4a00000, 0x00000000c4b00000|  0%| F|  |TAMS 0x00000000c4a00000, 0x00000000c4a00000| Untracked 
|  63|0x00000000c5500000, 0x00000000c5500000, 0x00000000c5600000|  0%| F|  |TAMS 0x00000000c5500000, 0x00000000c5500000| Untracked 

Card table byte_map: [0x0000026ea47a0000,0x0000026ea49a0000] _byte_map_base: 0x0000026ea4195000

Marking Bits (Prev, Next): (CMBitMap*) 0x0000026e9188dc90, (CMBitMap*) 0x0000026e9188dcd0
 Prev Bits: [0x0000026ea4ba0000, 0x0000026ea5b48000)
 Next Bits: [0x0000026ea5b50000, 0x0000026ea6af8000)

Polling page: 0x0000026e8f9f0000

Metaspace:

Usage:
  Non-class:     33.26 MB capacity,    32.97 MB (>99%) used,   241.27 KB ( <1%) free+waste,    50.00 KB ( <1%) overhead. 
      Class:      4.53 MB capacity,     4.39 MB ( 97%) used,   119.68 KB (  3%) free+waste,    18.62 KB ( <1%) overhead. 
       Both:     37.78 MB capacity,    37.36 MB ( 99%) used,   360.95 KB ( <1%) free+waste,    68.62 KB ( <1%) overhead. 

Virtual space:
  Non-class space:       34.00 MB reserved,      33.33 MB ( 98%) committed 
      Class space:        1.00 GB reserved,       4.62 MB ( <1%) committed 
             Both:        1.03 GB reserved,      37.95 MB (  4%) committed 

Chunk freelists:
   Non-Class:  73.00 KB
       Class:  6.00 KB
        Both:  79.00 KB

MaxMetaspaceSize: 17179869184.00 GB
CompressedClassSpaceSize: 1.00 GB

CodeHeap 'non-profiled nmethods': size=120000Kb used=1364Kb max_used=1364Kb free=118635Kb
 bounds [0x0000026e9cd40000, 0x0000026e9cfb0000, 0x0000026ea4270000]
CodeHeap 'profiled nmethods': size=120000Kb used=7683Kb max_used=7683Kb free=112316Kb
 bounds [0x0000026e95810000, 0x0000026e95fa0000, 0x0000026e9cd40000]
CodeHeap 'non-nmethods': size=5760Kb used=1199Kb max_used=1259Kb free=4560Kb
 bounds [0x0000026e95270000, 0x0000026e954e0000, 0x0000026e95810000]
 total_blobs=4199 nmethods=3739 adapters=372
 compilation: enabled
              stopped_count=0, restarted_count=0
 full_count=0

Compilation events (20 events):
Event: 2.904 Thread 0x0000026ea9ea8660 3769       1       java.nio.charset.CharsetDecoder::averageCharsPerByte (5 bytes)
Event: 2.904 Thread 0x0000026ea9ea8660 nmethod 3769 0x0000026e9ce94a90 code [0x0000026e9ce94c20, 0x0000026e9ce94cd8]
Event: 2.924 Thread 0x0000026ea9ea8660 3770       2       java.lang.invoke.DelegatingMethodHandle::rebind (8 bytes)
Event: 2.924 Thread 0x0000026ea9ea8660 nmethod 3770 0x0000026e95f8ea10 code [0x0000026e95f8ebc0, 0x0000026e95f8ecf8]
Event: 2.924 Thread 0x0000026ea9ea8660 3771       2       java.lang.invoke.SimpleMethodHandle::speciesData (4 bytes)
Event: 2.924 Thread 0x0000026ea9ea8660 nmethod 3771 0x0000026e95f8ed90 code [0x0000026e95f8ef20, 0x0000026e95f8f018]
Event: 2.928 Thread 0x0000026ea9ea8660 3772       2       java.util.HashSet::clear (8 bytes)
Event: 2.928 Thread 0x0000026ea9ea8660 nmethod 3772 0x0000026e95f8f090 code [0x0000026e95f8f220, 0x0000026e95f8f348]
Event: 2.929 Thread 0x0000026ea9ea8660 3774       2       sun.nio.fs.WindowsPath::compareTo (118 bytes)
Event: 2.930 Thread 0x0000026ea9ea8660 nmethod 3774 0x0000026e95f8f410 code [0x0000026e95f8f640, 0x0000026e95f8fcc8]
Event: 2.930 Thread 0x0000026ea9ea8660 3773       2       sun.nio.fs.WindowsPath::equals (30 bytes)
Event: 2.930 Thread 0x0000026ea9ea8660 nmethod 3773 0x0000026e95f90310 code [0x0000026e95f904c0, 0x0000026e95f906a8]
Event: 2.930 Thread 0x0000026ea9ea8660 3775       2       java.nio.ByteBuffer::hasArray (20 bytes)
Event: 2.930 Thread 0x0000026ea9ea8660 nmethod 3775 0x0000026e95f90790 code [0x0000026e95f90920, 0x0000026e95f90a58]
Event: 2.936 Thread 0x0000026ea9ea8660 3776       1       org.springframework.boot.web.server.MimeMappings$Mapping::getExtension (5 bytes)
Event: 2.936 Thread 0x0000026ea9ea8660 nmethod 3776 0x0000026e9ce94d90 code [0x0000026e9ce94f20, 0x0000026e9ce94fd8]
Event: 2.936 Thread 0x0000026ea9ea8660 3777       1       org.springframework.boot.web.server.MimeMappings$Mapping::getMimeType (5 bytes)
Event: 2.936 Thread 0x0000026ea9ea8660 nmethod 3777 0x0000026e9ce95090 code [0x0000026e9ce95220, 0x0000026e9ce952d8]
Event: 2.939 Thread 0x0000026ea9ea8660 3778       2       sun.nio.fs.WindowsPath::normalize (5 bytes)
Event: 2.939 Thread 0x0000026ea9ea8660 nmethod 3778 0x0000026e95f90b10 code [0x0000026e95f90ca0, 0x0000026e95f90da8]

GC Heap History (20 events):
Event: 0.516 GC heap after
{Heap after GC invocations=2 (full 0):
 garbage-first heap   total 65536K, used 7327K [0x00000000c1600000, 0x0000000100000000)
  region size 1024K, 1 young (1024K), 1 survivors (1024K)
 Metaspace       used 11713K, capacity 11876K, committed 11904K, reserved 1060864K
  class space    used 1095K, capacity 1124K, committed 1152K, reserved 1048576K
}
Event: 0.915 GC heap before
{Heap before GC invocations=2 (full 0):
 garbage-first heap   total 65536K, used 39071K [0x00000000c1600000, 0x0000000100000000)
  region size 1024K, 33 young (33792K), 1 survivors (1024K)
 Metaspace       used 18260K, capacity 18560K, committed 18688K, reserved 1067008K
  class space    used 1893K, capacity 1984K, committed 2048K, reserved 1048576K
}
Event: 0.917 GC heap after
{Heap after GC invocations=3 (full 0):
 garbage-first heap   total 65536K, used 8955K [0x00000000c1600000, 0x0000000100000000)
  region size 1024K, 2 young (2048K), 2 survivors (2048K)
 Metaspace       used 18260K, capacity 18560K, committed 18688K, reserved 1067008K
  class space    used 1893K, capacity 1984K, committed 2048K, reserved 1048576K
}
Event: 1.049 GC heap before
{Heap before GC invocations=3 (full 0):
 garbage-first heap   total 65536K, used 19195K [0x00000000c1600000, 0x0000000100000000)
  region size 1024K, 13 young (13312K), 2 survivors (2048K)
 Metaspace       used 20883K, capacity 21153K, committed 21296K, reserved 1069056K
  class space    used 2297K, capacity 2374K, committed 2432K, reserved 1048576K
}
Event: 1.051 GC heap after
{Heap after GC invocations=4 (full 0):
 garbage-first heap   total 65536K, used 9817K [0x00000000c1600000, 0x0000000100000000)
  region size 1024K, 3 young (3072K), 3 survivors (3072K)
 Metaspace       used 20883K, capacity 21153K, committed 21296K, reserved 1069056K
  class space    used 2297K, capacity 2374K, committed 2432K, reserved 1048576K
}
Event: 1.355 GC heap before
{Heap before GC invocations=5 (full 0):
 garbage-first heap   total 40960K, used 38489K [0x00000000c1600000, 0x0000000100000000)
  region size 1024K, 32 young (32768K), 3 survivors (3072K)
 Metaspace       used 25920K, capacity 26204K, committed 26544K, reserved 1073152K
  class space    used 2884K, capacity 2965K, committed 3072K, reserved 1048576K
}
Event: 1.360 GC heap after
{Heap after GC invocations=6 (full 0):
 garbage-first heap   total 45056K, used 11200K [0x00000000c1600000, 0x0000000100000000)
  region size 1024K, 4 young (4096K), 4 survivors (4096K)
 Metaspace       used 25920K, capacity 26204K, committed 26544K, reserved 1073152K
  class space    used 2884K, capacity 2965K, committed 3072K, reserved 1048576K
}
Event: 1.667 GC heap before
{Heap before GC invocations=6 (full 0):
 garbage-first heap   total 45056K, used 31680K [0x00000000c1600000, 0x0000000100000000)
  region size 1024K, 24 young (24576K), 4 survivors (4096K)
 Metaspace       used 27636K, capacity 27921K, committed 27952K, reserved 1075200K
  class space    used 3115K, capacity 3200K, committed 3200K, reserved 1048576K
}
Event: 1.672 GC heap after
{Heap after GC invocations=7 (full 0):
 garbage-first heap   total 54272K, used 12177K [0x00000000c1600000, 0x0000000100000000)
  region size 1024K, 3 young (3072K), 3 survivors (3072K)
 Metaspace       used 27636K, capacity 27921K, committed 27952K, reserved 1075200K
  class space    used 3115K, capacity 3200K, committed 3200K, reserved 1048576K
}
Event: 1.682 GC heap before
{Heap before GC invocations=7 (full 0):
 garbage-first heap   total 54272K, used 37777K [0x00000000c1600000, 0x0000000100000000)
  region size 1024K, 29 young (29696K), 3 survivors (3072K)
 Metaspace       used 27636K, capacity 27921K, committed 27952K, reserved 1075200K
  class space    used 3115K, capacity 3200K, committed 3200K, reserved 1048576K
}
Event: 1.684 GC heap after
{Heap after GC invocations=8 (full 0):
 garbage-first heap   total 54272K, used 12131K [0x00000000c1600000, 0x0000000100000000)
  region size 1024K, 2 young (2048K), 2 survivors (2048K)
 Metaspace       used 27636K, capacity 27921K, committed 27952K, reserved 1075200K
  class space    used 3115K, capacity 3200K, committed 3200K, reserved 1048576K
}
Event: 1.994 GC heap before
{Heap before GC invocations=8 (full 0):
 garbage-first heap   total 54272K, used 38755K [0x00000000c1600000, 0x0000000100000000)
  region size 1024K, 29 young (29696K), 2 survivors (2048K)
 Metaspace       used 29483K, capacity 29805K, committed 30000K, reserved 1075200K
  class space    used 3334K, capacity 3438K, committed 3456K, reserved 1048576K
}
Event: 1.996 GC heap after
{Heap after GC invocations=9 (full 0):
 garbage-first heap   total 54272K, used 13385K [0x00000000c1600000, 0x0000000100000000)
  region size 1024K, 3 young (3072K), 3 survivors (3072K)
 Metaspace       used 29483K, capacity 29805K, committed 30000K, reserved 1075200K
  class space    used 3334K, capacity 3438K, committed 3456K, reserved 1048576K
}
Event: 2.512 GC heap before
{Heap before GC invocations=9 (full 0):
 garbage-first heap   total 54272K, used 41033K [0x00000000c1600000, 0x0000000100000000)
  region size 1024K, 30 young (30720K), 3 survivors (3072K)
 Metaspace       used 33510K, capacity 33883K, committed 34224K, reserved 1079296K
  class space    used 3870K, capacity 4004K, committed 4096K, reserved 1048576K
}
Event: 2.516 GC heap after
{Heap after GC invocations=10 (full 0):
 garbage-first heap   total 54272K, used 15026K [0x00000000c1600000, 0x0000000100000000)
  region size 1024K, 4 young (4096K), 4 survivors (4096K)
 Metaspace       used 33510K, capacity 33883K, committed 34224K, reserved 1079296K
  class space    used 3870K, capacity 4004K, committed 4096K, reserved 1048576K
}
Event: 2.679 GC heap before
{Heap before GC invocations=10 (full 0):
 garbage-first heap   total 54272K, used 23218K [0x00000000c1600000, 0x0000000100000000)
  region size 1024K, 13 young (13312K), 4 survivors (4096K)
 Metaspace       used 35330K, capacity 35753K, committed 35920K, reserved 1081344K
  class space    used 4130K, capacity 4275K, committed 4352K, reserved 1048576K
}
Event: 2.682 GC heap after
{Heap after GC invocations=11 (full 0):
 garbage-first heap   total 54272K, used 16318K [0x00000000c1600000, 0x0000000100000000)
  region size 1024K, 4 young (4096K), 4 survivors (4096K)
 Metaspace       used 35330K, capacity 35753K, committed 35920K, reserved 1081344K
  class space    used 4130K, capacity 4275K, committed 4352K, reserved 1048576K
}
Event: 2.945 GC heap before
{Heap before GC invocations=12 (full 0):
 garbage-first heap   total 54272K, used 35774K [0x00000000c1600000, 0x0000000100000000)
  region size 1024K, 24 young (24576K), 4 survivors (4096K)
 Metaspace       used 38259K, capacity 38689K, committed 38864K, reserved 1083392K
  class space    used 4495K, capacity 4634K, committed 4736K, reserved 1048576K
}
Event: 2.949 GC heap after
{Heap after GC invocations=13 (full 0):
 garbage-first heap   total 54272K, used 17872K [0x00000000c1600000, 0x0000000100000000)
  region size 1024K, 3 young (3072K), 3 survivors (3072K)
 Metaspace       used 38259K, capacity 38689K, committed 38864K, reserved 1083392K
  class space    used 4495K, capacity 4634K, committed 4736K, reserved 1048576K
}
Event: 2.952 GC heap before
{Heap before GC invocations=13 (full 0):
 garbage-first heap   total 54272K, used 37328K [0x00000000c1600000, 0x0000000100000000)
  region size 1024K, 23 young (23552K), 3 survivors (3072K)
 Metaspace       used 38259K, capacity 38689K, committed 38864K, reserved 1083392K
  class space    used 4495K, capacity 4634K, committed 4736K, reserved 1048576K
}

Deoptimization events (20 events):
Event: 2.914 Thread 0x0000026eaaf54c10 DEOPT PACKING pc=0x0000026e95f824a7 sp=0x000000b66dcfca60
Event: 2.914 Thread 0x0000026eaaf54c10 DEOPT UNPACKING pc=0x0000026e952be23f sp=0x000000b66dcfbfe0 mode 0
Event: 2.914 Thread 0x0000026eaaf54c10 DEOPT PACKING pc=0x0000026e9590ecbe sp=0x000000b66dcfcff0
Event: 2.914 Thread 0x0000026eaaf54c10 DEOPT UNPACKING pc=0x0000026e952be23f sp=0x000000b66dcfc4e0 mode 0
Event: 2.914 Thread 0x0000026eaaf54c10 DEOPT PACKING pc=0x0000026e959acd11 sp=0x000000b66dcfcfe0
Event: 2.914 Thread 0x0000026eaaf54c10 DEOPT UNPACKING pc=0x0000026e952be23f sp=0x000000b66dcfc4d8 mode 0
Event: 2.933 Thread 0x0000026eaaf54c10 DEOPT PACKING pc=0x0000026e95f824a7 sp=0x000000b66dcfcdc0
Event: 2.933 Thread 0x0000026eaaf54c10 DEOPT UNPACKING pc=0x0000026e952be23f sp=0x000000b66dcfc340 mode 0
Event: 2.933 Thread 0x0000026eaaf54c10 DEOPT PACKING pc=0x0000026e959acd11 sp=0x000000b66dcfd340
Event: 2.933 Thread 0x0000026eaaf54c10 DEOPT UNPACKING pc=0x0000026e952be23f sp=0x000000b66dcfc838 mode 0
Event: 2.933 Thread 0x0000026eaaf54c10 DEOPT PACKING pc=0x0000026e9590ecbe sp=0x000000b66dcfd350
Event: 2.933 Thread 0x0000026eaaf54c10 DEOPT UNPACKING pc=0x0000026e952be23f sp=0x000000b66dcfc840 mode 0
Event: 2.939 Thread 0x0000026eaaf54c10 DEOPT PACKING pc=0x0000026e95f824a7 sp=0x000000b66dcfca00
Event: 2.939 Thread 0x0000026eaaf54c10 DEOPT UNPACKING pc=0x0000026e952be23f sp=0x000000b66dcfbf80 mode 0
Event: 2.940 Thread 0x0000026eaaf54c10 DEOPT PACKING pc=0x0000026e959acd11 sp=0x000000b66dcfcf80
Event: 2.940 Thread 0x0000026eaaf54c10 DEOPT UNPACKING pc=0x0000026e952be23f sp=0x000000b66dcfc478 mode 0
Event: 2.940 Thread 0x0000026eaaf54c10 DEOPT PACKING pc=0x0000026e9590ecbe sp=0x000000b66dcfcf90
Event: 2.940 Thread 0x0000026eaaf54c10 DEOPT UNPACKING pc=0x0000026e952be23f sp=0x000000b66dcfc480 mode 0
Event: 2.942 Thread 0x0000026eaaf54c10 DEOPT PACKING pc=0x0000026e95f705d0 sp=0x000000b66dcfd950
Event: 2.943 Thread 0x0000026eaaf54c10 DEOPT UNPACKING pc=0x0000026e952be23f sp=0x000000b66dcfcdd8 mode 0

Classes unloaded (0 events):
No events

Classes redefined (0 events):
No events

Internal exceptions (20 events):
Event: 2.591 Thread 0x0000026eaaf54c10 Exception <a 'java/lang/ClassNotFoundException'{0x00000000c48c5ac0}: org/springframework/beans/factory/config/BeanPostProcessorCustomizer> (0x00000000c48c5ac0) 
thrown [./open/src/hotspot/share/classfile/systemDictionary.cpp, line 295]
Event: 2.592 Thread 0x0000026eaaf54c10 Exception <a 'java/lang/ClassNotFoundException'{0x00000000c48cb390}: org/springframework/beans/factory/BeanFactoryAwareCustomizer> (0x00000000c48cb390) 
thrown [./open/src/hotspot/share/classfile/systemDictionary.cpp, line 295]
Event: 2.592 Thread 0x0000026eaaf54c10 Exception <a 'java/lang/ClassNotFoundException'{0x00000000c48d0af8}: org/springframework/beans/factory/AwareCustomizer> (0x00000000c48d0af8) 
thrown [./open/src/hotspot/share/classfile/systemDictionary.cpp, line 295]
Event: 2.592 Thread 0x0000026eaaf54c10 Exception <a 'java/lang/ClassNotFoundException'{0x00000000c48d46d8}: org/springframework/core/OrderedCustomizer> (0x00000000c48d46d8) 
thrown [./open/src/hotspot/share/classfile/systemDictionary.cpp, line 295]
Event: 2.592 Thread 0x0000026eaaf54c10 Exception <a 'java/lang/ClassNotFoundException'{0x00000000c48d9220}: org/springframework/beans/factory/BeanClassLoaderAwareCustomizer> (0x00000000c48d9220) 
thrown [./open/src/hotspot/share/classfile/systemDictionary.cpp, line 295]
Event: 2.593 Thread 0x0000026eaaf54c10 Exception <a 'java/lang/ClassNotFoundException'{0x00000000c48dde08}: org/springframework/beans/factory/AwareCustomizer> (0x00000000c48dde08) 
thrown [./open/src/hotspot/share/classfile/systemDictionary.cpp, line 295]
Event: 2.593 Thread 0x0000026eaaf54c10 Exception <a 'java/lang/ClassNotFoundException'{0x00000000c48e1e48}: org/springframework/aop/framework/AopInfrastructureBeanCustomizer> (0x00000000c48e1e48) 
thrown [./open/src/hotspot/share/classfile/systemDictionary.cpp, line 295]
Event: 2.630 Thread 0x0000026eaaf54c10 Exception <a 'java/lang/ClassNotFoundException'{0x00000000c4486b98}: java/lang/ObjectCustomizer> (0x00000000c4486b98) 
thrown [./open/src/hotspot/share/classfile/systemDictionary.cpp, line 295]
Event: 2.631 Thread 0x0000026eaaf54c10 Exception <a 'java/lang/ClassNotFoundException'{0x00000000c448f1b8}: org/springframework/transaction/annotation/AbstractTransactionManagementConfigurationCustomizer> (0x00000000c448f1b8) 
thrown [./open/src/hotspot/share/classfile/systemDictionary.cpp, line 295]
Event: 2.631 Thread 0x0000026eaaf54c10 Exception <a 'java/lang/ClassNotFoundException'{0x00000000c4496858}: org/springframework/transaction/annotation/ProxyTransactionManagementConfigurationCustomizer> (0x00000000c4496858) 
thrown [./open/src/hotspot/share/classfile/systemDictionary.cpp, line 295]
Event: 2.632 Thread 0x0000026eaaf54c10 Exception <a 'java/lang/ClassNotFoundException'{0x00000000c449efe8}: org/springframework/context/annotation/ImportAwareCustomizer> (0x00000000c449efe8) 
thrown [./open/src/hotspot/share/classfile/systemDictionary.cpp, line 295]
Event: 2.632 Thread 0x0000026eaaf54c10 Exception <a 'java/lang/ClassNotFoundException'{0x00000000c44a47e8}: org/springframework/beans/factory/AwareCustomizer> (0x00000000c44a47e8) 
thrown [./open/src/hotspot/share/classfile/systemDictionary.cpp, line 295]
Event: 2.726 Thread 0x0000026eaaf54c10 Implicit null exception at 0x0000026e9ce5a7c7 to 0x0000026e9ce5a9e0
Event: 2.741 Thread 0x0000026eaaf54c10 Implicit null exception at 0x0000026e9ce636e0 to 0x0000026e9ce63918
Event: 2.756 Thread 0x0000026eaaf54c10 Exception <a 'java/lang/NoSuchMethodError'{0x00000000c48e7d40}: 'void java.lang.invoke.DirectMethodHandle$Holder.invokeInterface(java.lang.Object, java.lang.Object, int)'> (0x00000000c48e7d40) 
thrown [./open/src/hotspot/share/interpreter/linkResolver.cpp, line 782]
Event: 2.759 Thread 0x0000026eaaf54c10 Exception <a 'java/lang/IncompatibleClassChangeError'{0x00000000c463e018}: Found class java.lang.Object, but interface was expected> (0x00000000c463e018) 
thrown [./open/src/hotspot/share/interpreter/linkResolver.cpp, line 848]
Event: 2.760 Thread 0x0000026eaaf54c10 Exception <a 'java/lang/NoSuchMethodError'{0x00000000c4643700}: 'void java.lang.invoke.DirectMethodHandle$Holder.invokeStatic(java.lang.Object, int, java.lang.Object)'> (0x00000000c4643700) 
thrown [./open/src/hotspot/share/interpreter/linkResolver.cpp, line 782]
Event: 2.762 Thread 0x0000026eaaf54c10 Exception <a 'java/lang/NoSuchMethodError'{0x00000000c4673ff0}: 'int java.lang.invoke.DirectMethodHandle$Holder.invokeSpecial(java.lang.Object, java.lang.Object, int)'> (0x00000000c4673ff0) 
thrown [./open/src/hotspot/share/interpreter/linkResolver.cpp, line 782]
Event: 2.817 Thread 0x0000026eaaf54c10 Exception <a 'java/lang/NoSuchMethodError'{0x00000000c420b180}: 'java.lang.Object java.lang.invoke.DirectMethodHandle$Holder.invokeStaticInit(java.lang.Object, int, int, int, int)'> (0x00000000c420b180) 
thrown [./open/src/hotspot/share/interpreter/linkResolver.cpp, line 782]
Event: 2.857 Thread 0x0000026eaaf54c10 Exception <a 'java/lang/NoSuchMethodError'{0x00000000c42b7a10}: 'java.lang.Object java.lang.invoke.DirectMethodHandle$Holder.invokeStaticInit(java.lang.Object, java.lang.Object, int, int, int, int)'> (0x00000000c42b7a10) 
thrown [./open/src/hotspot/share/interpreter/linkResolver.cpp, line 782]

Events (20 events):
Event: 2.924 loading class jdk/internal/logger/LazyLoggers done
Event: 2.924 loading class jdk/internal/logger/LazyLoggers$1
Event: 2.924 loading class jdk/internal/logger/LazyLoggers$1 done
Event: 2.924 loading class jdk/internal/logger/LazyLoggers$LazyLoggerFactories
Event: 2.924 loading class jdk/internal/logger/LazyLoggers$LazyLoggerFactories done
Event: 2.924 loading class jdk/internal/logger/LoggerFinderLoader
Event: 2.924 loading class jdk/internal/logger/LoggerFinderLoader done
Event: 2.925 loading class sun/util/logging/internal/LoggingProviderImpl$JULWrapper
Event: 2.925 loading class sun/util/logging/internal/LoggingProviderImpl$JULWrapper done
Event: 2.934 loading class java/beans/PropertyChangeListenerProxy
Event: 2.934 loading class java/util/EventListenerProxy
Event: 2.934 loading class java/util/EventListenerProxy done
Event: 2.934 loading class java/beans/PropertyChangeListenerProxy done
Event: 2.941 loading class java/security/NoSuchProviderException
Event: 2.941 loading class java/security/NoSuchProviderException done
Event: 2.945 Executing VM operation: G1CollectForAllocation
Event: 2.949 Executing VM operation: G1CollectForAllocation done
Event: 2.949 Executing VM operation: HandshakeAllThreads
Event: 2.949 Executing VM operation: HandshakeAllThreads done
Event: 2.952 Executing VM operation: G1CollectForAllocation


Dynamic libraries:
0x00007ff6a9bf0000 - 0x00007ff6a9bfd000 	C:\Users\Thales\.p2\pool\plugins\org.eclipse.justj.openjdk.hotspot.jre.full.win32.x86_64_15.0.1.v20201027-0507\jre\bin\javaw.exe
0x00007ff809630000 - 0x00007ff809825000 	C:\WINDOWS\SYSTEM32\ntdll.dll
0x00007ff8093b0000 - 0x00007ff80946d000 	C:\WINDOWS\System32\KERNEL32.DLL
0x00007ff8070c0000 - 0x00007ff807388000 	C:\WINDOWS\System32\KERNELBASE.dll
0x00007ff807520000 - 0x00007ff807620000 	C:\WINDOWS\System32\ucrtbase.dll
0x00007ffff2c20000 - 0x00007ffff2c38000 	C:\Users\Thales\.p2\pool\plugins\org.eclipse.justj.openjdk.hotspot.jre.full.win32.x86_64_15.0.1.v20201027-0507\jre\bin\jli.dll
0x00007ffff2a40000 - 0x00007ffff2a59000 	C:\Users\Thales\.p2\pool\plugins\org.eclipse.justj.openjdk.hotspot.jre.full.win32.x86_64_15.0.1.v20201027-0507\jre\bin\VCRUNTIME140.dll
0x00007ff807780000 - 0x00007ff807920000 	C:\WINDOWS\System32\USER32.dll
0x00007fffedeb0000 - 0x00007fffee14a000 	C:\WINDOWS\WinSxS\amd64_microsoft.windows.common-controls_6595b64144ccf1df_6.0.19041.844_none_ca00b6081b84eb1d\COMCTL32.dll
0x00007ff806ff0000 - 0x00007ff807012000 	C:\WINDOWS\System32\win32u.dll
0x00007ff809380000 - 0x00007ff8093aa000 	C:\WINDOWS\System32\GDI32.dll
0x00007ff807990000 - 0x00007ff807a2e000 	C:\WINDOWS\System32\msvcrt.dll
0x00007ff807670000 - 0x00007ff80777b000 	C:\WINDOWS\System32\gdi32full.dll
0x00007ff807020000 - 0x00007ff8070bd000 	C:\WINDOWS\System32\msvcp_win.dll
0x00007ff809470000 - 0x00007ff8094a0000 	C:\WINDOWS\System32\IMM32.DLL
0x00007fffff0e0000 - 0x00007fffff0ec000 	C:\Users\Thales\.p2\pool\plugins\org.eclipse.justj.openjdk.hotspot.jre.full.win32.x86_64_15.0.1.v20201027-0507\jre\bin\vcruntime140_1.dll
0x00007fffeb050000 - 0x00007fffeb0e1000 	C:\Users\Thales\.p2\pool\plugins\org.eclipse.justj.openjdk.hotspot.jre.full.win32.x86_64_15.0.1.v20201027-0507\jre\bin\msvcp140.dll
0x00007fffd2fa0000 - 0x00007fffd3afe000 	C:\Users\Thales\.p2\pool\plugins\org.eclipse.justj.openjdk.hotspot.jre.full.win32.x86_64_15.0.1.v20201027-0507\jre\bin\server\jvm.dll
0x00007ff807a40000 - 0x00007ff807aec000 	C:\WINDOWS\System32\ADVAPI32.dll
0x00007ff809280000 - 0x00007ff80931b000 	C:\WINDOWS\System32\sechost.dll
0x00007ff809150000 - 0x00007ff80927b000 	C:\WINDOWS\System32\RPCRT4.dll
0x00007ff809580000 - 0x00007ff809588000 	C:\WINDOWS\System32\PSAPI.DLL
0x00007ff801800000 - 0x00007ff801809000 	C:\WINDOWS\SYSTEM32\WSOCK32.dll
0x00007fffff2d0000 - 0x00007fffff2f7000 	C:\WINDOWS\SYSTEM32\WINMM.dll
0x00007ff808020000 - 0x00007ff80808b000 	C:\WINDOWS\System32\WS2_32.dll
0x00007ff800d30000 - 0x00007ff800d3a000 	C:\WINDOWS\SYSTEM32\VERSION.dll
0x00007ff804db0000 - 0x00007ff804dc2000 	C:\WINDOWS\SYSTEM32\kernel.appcore.dll
0x00007fffff4b0000 - 0x00007fffff4ba000 	C:\Users\Thales\.p2\pool\plugins\org.eclipse.justj.openjdk.hotspot.jre.full.win32.x86_64_15.0.1.v20201027-0507\jre\bin\jimage.dll
0x00007ffff25e0000 - 0x00007ffff27c4000 	C:\WINDOWS\SYSTEM32\DBGHELP.DLL
0x00007ffff2560000 - 0x00007ffff258c000 	C:\WINDOWS\SYSTEM32\dbgcore.DLL
0x00007ff8074a0000 - 0x00007ff807520000 	C:\WINDOWS\System32\bcryptPrimitives.dll
0x00007ffff2300000 - 0x00007ffff2325000 	C:\Users\Thales\.p2\pool\plugins\org.eclipse.justj.openjdk.hotspot.jre.full.win32.x86_64_15.0.1.v20201027-0507\jre\bin\java.dll
0x00007ffff7e50000 - 0x00007ffff7e68000 	C:\Users\Thales\.p2\pool\plugins\org.eclipse.justj.openjdk.hotspot.jre.full.win32.x86_64_15.0.1.v20201027-0507\jre\bin\zip.dll
0x00007ff808090000 - 0x00007ff8087d2000 	C:\WINDOWS\System32\SHELL32.dll
0x00007ff804fe0000 - 0x00007ff805770000 	C:\WINDOWS\SYSTEM32\windows.storage.dll
0x00007ff807af0000 - 0x00007ff807e45000 	C:\WINDOWS\System32\combase.dll
0x00007ff8068d0000 - 0x00007ff8068fc000 	C:\WINDOWS\SYSTEM32\Wldp.dll
0x00007ff808900000 - 0x00007ff8089ae000 	C:\WINDOWS\System32\SHCORE.dll
0x00007ff807930000 - 0x00007ff807985000 	C:\WINDOWS\System32\shlwapi.dll
0x00007ff806da0000 - 0x00007ff806dbf000 	C:\WINDOWS\SYSTEM32\profapi.dll
0x00007ffff2e00000 - 0x00007ffff2e19000 	C:\Users\Thales\.p2\pool\plugins\org.eclipse.justj.openjdk.hotspot.jre.full.win32.x86_64_15.0.1.v20201027-0507\jre\bin\net.dll
0x00007ffffdb30000 - 0x00007ffffdc3b000 	C:\WINDOWS\SYSTEM32\WINHTTP.dll
0x00007ff806570000 - 0x00007ff8065da000 	C:\WINDOWS\system32\mswsock.dll
0x00007ffff2d20000 - 0x00007ffff2d32000 	C:\Users\Thales\.p2\pool\plugins\org.eclipse.justj.openjdk.hotspot.jre.full.win32.x86_64_15.0.1.v20201027-0507\jre\bin\nio.dll
0x00007ffffb6f0000 - 0x00007ffffb700000 	C:\Users\Thales\.p2\pool\plugins\org.eclipse.justj.openjdk.hotspot.jre.full.win32.x86_64_15.0.1.v20201027-0507\jre\bin\verify.dll
0x00007fffff0a0000 - 0x00007fffff0a9000 	C:\Users\Thales\.p2\pool\plugins\org.eclipse.justj.openjdk.hotspot.jre.full.win32.x86_64_15.0.1.v20201027-0507\jre\bin\management.dll
0x00007fffff080000 - 0x00007fffff08b000 	C:\Users\Thales\.p2\pool\plugins\org.eclipse.justj.openjdk.hotspot.jre.full.win32.x86_64_15.0.1.v20201027-0507\jre\bin\management_ext.dll
0x00007fffee400000 - 0x00007fffee417000 	C:\WINDOWS\system32\napinsp.dll
0x00007fffee3e0000 - 0x00007fffee3fb000 	C:\WINDOWS\system32\pnrpnsp.dll
0x00007fffee3c0000 - 0x00007fffee3d5000 	C:\WINDOWS\system32\wshbth.dll
0x00007ff802830000 - 0x00007ff80284d000 	C:\WINDOWS\system32\NLAapi.dll
0x00007ff806260000 - 0x00007ff80629b000 	C:\WINDOWS\SYSTEM32\IPHLPAPI.DLL
0x00007ff8062b0000 - 0x00007ff80637c000 	C:\WINDOWS\SYSTEM32\DNSAPI.dll
0x00007ff807920000 - 0x00007ff807928000 	C:\WINDOWS\System32\NSI.dll
0x00007fffee3a0000 - 0x00007fffee3b2000 	C:\WINDOWS\System32\winrnr.dll
0x00007ffffd8c0000 - 0x00007ffffd8ca000 	C:\Windows\System32\rasadhlp.dll
0x00007ffffe1e0000 - 0x00007ffffe25f000 	C:\WINDOWS\System32\fwpuclnt.dll
0x00007ff806fc0000 - 0x00007ff806fe7000 	C:\WINDOWS\System32\bcrypt.dll
0x00007ff806750000 - 0x00007ff806768000 	C:\WINDOWS\SYSTEM32\CRYPTSP.dll
0x00007ff805f10000 - 0x00007ff805f44000 	C:\WINDOWS\system32\rsaenh.dll
0x00007ff806d60000 - 0x00007ff806d8e000 	C:\WINDOWS\SYSTEM32\USERENV.dll
0x00007ff806740000 - 0x00007ff80674c000 	C:\WINDOWS\SYSTEM32\CRYPTBASE.dll
0x00007ff800030000 - 0x00007ff800047000 	C:\WINDOWS\SYSTEM32\dhcpcsvc6.DLL
0x00007ff800100000 - 0x00007ff80011d000 	C:\WINDOWS\SYSTEM32\dhcpcsvc.DLL

dbghelp: loaded successfully - version: 4.0.5 - missing functions: none
symbol engine: initialized successfully - sym options: 0x614 - pdb path: .;C:\Users\Thales\.p2\pool\plugins\org.eclipse.justj.openjdk.hotspot.jre.full.win32.x86_64_15.0.1.v20201027-0507\jre\bin;C:\WINDOWS\SYSTEM32;C:\WINDOWS\WinSxS\amd64_microsoft.windows.common-controls_6595b64144ccf1df_6.0.19041.844_none_ca00b6081b84eb1d;C:\Users\Thales\.p2\pool\plugins\org.eclipse.justj.openjdk.hotspot.jre.full.win32.x86_64_15.0.1.v20201027-0507\jre\bin\server

VM Arguments:
jvm_args: -Dfile.encoding=UTF-8 -XX:+ShowCodeDetailsInExceptionMessages 
java_command: org.generation.blogPessoal.BlogPessoalApplication
java_class_path (initial): C:\Users\Thales\Documents\blogPessoal\blogPessoal\target\classes;C:\Users\Thales\.m2\repository\org\springframework\boot\spring-boot-starter-data-jpa\2.4.3\spring-boot-starter-data-jpa-2.4.3.jar;C:\Users\Thales\.m2\repository\org\springframework\boot\spring-boot-starter-aop\2.4.3\spring-boot-starter-aop-2.4.3.jar;C:\Users\Thales\.m2\repository\org\aspectj\aspectjweaver\1.9.6\aspectjweaver-1.9.6.jar;C:\Users\Thales\.m2\repository\org\springframework\boot\spring-boot-starter-jdbc\2.4.3\spring-boot-starter-jdbc-2.4.3.jar;C:\Users\Thales\.m2\repository\com\zaxxer\HikariCP\3.4.5\HikariCP-3.4.5.jar;C:\Users\Thales\.m2\repository\org\springframework\spring-jdbc\5.3.4\spring-jdbc-5.3.4.jar;C:\Users\Thales\.m2\repository\jakarta\transaction\jakarta.transaction-api\1.3.3\jakarta.transaction-api-1.3.3.jar;C:\Users\Thales\.m2\repository\jakarta\persistence\jakarta.persistence-api\2.2.3\jakarta.persistence-api-2.2.3.jar;C:\Users\Thales\.m2\repository\org\hibernate\hibernate-core\5.4.28.Final\hibernate-core-5.4.28.Final.jar;C:\Users\Thales\.m2\repository\org\jboss\logging\jboss-logging\3.4.1.Final\jboss-logging-3.4.1.Final.jar;C:\Users\Thales\.m2\repository\org\javassist\javassist\3.27.0-GA\javassist-3.27.0-GA.jar;C:\Users\Thales\.m2\repository\net\bytebuddy\byte-buddy\1.10.20\byte-buddy-1.10.20.jar;C:\Users\Thales\.m2\repository\antlr\antlr\2.7.7\antlr-2.7.7.jar;C:\Users\Thales\.m2\repository\org\jboss\jandex\2.2.3.Final\jandex-2.2.3.Final.jar;C:\Users\Thales\.m2\repository\org\dom4j\dom4j\2.1.3\dom4j-2.1.3.jar;C:\Users\Thales\.m2\repository\org\hibernate\common\hibernate-commons-annotations\5.1.2.Final\hibernate-commons-annotations-5.1.2.Final.jar;C:\Users\Thales\.m2\repository\org\glassfish\jaxb\jaxb-runtime\2.3.3\jaxb-runtime-2.3.3.jar;C:\Users\Thales\.m2\repository\org\glassfish\jaxb\txw2\2.3.3\txw2-2.3.3.jar;C:\Users\Thales\.m2\repository\com\sun\istack\istack-commons-runtime\3.0.11\istack-commons-runtime-3.0.11.jar;C:\Users\Thales\.m2\repositor
Launcher Type: SUN_STANDARD

[Global flags]
     intx CICompilerCount                          = 4                                         {product} {ergonomic}
     uint ConcGCThreads                            = 2                                         {product} {ergonomic}
     uint G1ConcRefinementThreads                  = 8                                         {product} {ergonomic}
   size_t G1HeapRegionSize                         = 1048576                                   {product} {ergonomic}
    uintx GCDrainStackTargetSize                   = 64                                        {product} {ergonomic}
   size_t InitialHeapSize                          = 67108864                                  {product} {ergonomic}
   size_t MarkStackSize                            = 4194304                                   {product} {ergonomic}
   size_t MaxHeapSize                              = 1050673152                                {product} {ergonomic}
   size_t MaxNewSize                               = 630194176                                 {product} {ergonomic}
   size_t MinHeapDeltaBytes                        = 1048576                                   {product} {ergonomic}
   size_t MinHeapSize                              = 8388608                                   {product} {ergonomic}
    uintx NonNMethodCodeHeapSize                   = 5839372                                {pd product} {ergonomic}
    uintx NonProfiledCodeHeapSize                  = 122909434                              {pd product} {ergonomic}
    uintx ProfiledCodeHeapSize                     = 122909434                              {pd product} {ergonomic}
    uintx ReservedCodeCacheSize                    = 251658240                              {pd product} {ergonomic}
     bool SegmentedCodeCache                       = true                                      {product} {ergonomic}
     bool ShowCodeDetailsInExceptionMessages       = true                                   {manageable} {command line}
   size_t SoftMaxHeapSize                          = 1050673152                             {manageable} {ergonomic}
     bool UseCompressedClassPointers               = true                                 {lp64_product} {ergonomic}
     bool UseCompressedOops                        = true                                 {lp64_product} {ergonomic}
     bool UseG1GC                                  = true                                      {product} {ergonomic}
     bool UseLargePagesIndividualAllocation        = false                                  {pd product} {ergonomic}

Logging:
Log output configuration:
 #0: stdout all=warning uptime,level,tags
 #1: stderr all=off uptime,level,tags

Environment Variables:
PATH=C:/Users/Thales/.p2/pool/plugins/org.eclipse.justj.openjdk.hotspot.jre.full.win32.x86_64_15.0.1.v20201027-0507/jre/bin/server;C:/Users/Thales/.p2/pool/plugins/org.eclipse.justj.openjdk.hotspot.jre.full.win32.x86_64_15.0.1.v20201027-0507/jre/bin;C:\Program Files\Common Files\Oracle\Java\javapath;C:\Program Files\AdoptOpenJDK\jdk-11.0.10.9-hotspot\bin;C:\WINDOWS\system32;C:\WINDOWS;C:\WINDOWS\System32\Wbem;C:\WINDOWS\System32\WindowsPowerShell\v1.0\;C:\WINDOWS\System32\OpenSSH\;C:\Program Files\Java\jdk-15.0.2\bin;C:\Program Files\Microsoft SQL Server\130\Tools\Binn\;C:\ProgramData\UNIVALI\Portugol Studio;C:\Program Files\Git\cmd;C:\Program Files\nodejs\;C:\Program Files\dotnet\;;C:\Users\Thales\AppData\Local\Microsoft\WindowsApps;C:\Users\Thales\AppData\Roaming\npm;C:\Users\Thales\AppData\Local\Programs\Microsoft VS Code\bin;C:\Users\Thales\.dotnet\tools;C:\Users\Thales\Desktop\Programas Computação\eclipse;
USERNAME=Thales
OS=Windows_NT
PROCESSOR_IDENTIFIER=Intel64 Family 6 Model 142 Stepping 10, GenuineIntel



---------------  S Y S T E M  ---------------

OS:
 Windows 10 , 64 bit Build 19041 (10.0.19041.928)
OS uptime: 3 days 4:26 hours

CPU: total 8 (initial active 8) (4 cores per cpu, 2 threads per core) family 6 model 142 stepping 10 microcode 0xe0, cmov, cx8, fxsr, mmx, sse, sse2, sse3, ssse3, sse4.1, sse4.2, popcnt, vzeroupper, avx, avx2, aes, clmul, erms, 3dnowpref, lzcnt, ht, tsc, tscinvbit, bmi1, bmi2, adx, fma, clflush, clflushopt

Memory: 4k page, system-wide physical 4005M (314M free)
TotalPageFile size 5401M (AvailPageFile size 13M)
current process WorkingSet (physical memory assigned to process): 173M, peak: 175M
current process commit charge ("private bytes"): 209M, peak: 222M

vm_info: OpenJDK 64-Bit Server VM (15.0.1+9-18) for windows-amd64 JRE (15.0.1+9-18), built on Sep 15 2020 14:39:31 by "mach5one" with unknown MS VC++:1925

END.
