#
# There is insufficient memory for the Java Runtime Environment to continue.
# Native memory allocation (malloc) failed to allocate 627328 bytes for Chunk::new
# Possible reasons:
#   The system is out of physical RAM or swap space
#   The process is running with CompressedOops enabled, and the Java Heap may be blocking the growth of the native heap
# Possible solutions:
#   Reduce memory load on the system
#   Increase physical memory or swap space
#   Check if swap backing store is full
#   Decrease Java heap size (-Xmx/-Xms)
#   Decrease number of Java threads
#   Decrease Java thread stack sizes (-Xss)
#   Set larger code cache with -XX:ReservedCodeCacheSize=
#   JVM is running with Unscaled Compressed Oops mode in which the Java heap is
#     placed in the first 4GB address space. The Java Heap base address is the
#     maximum limit for the native heap growth. Please use -XX:HeapBaseMinAddress
#     to set the Java Heap base and to place the Java Heap above 4GB virtual address.
# This output file may be truncated or incomplete.
#
#  Out of Memory Error (./open/src/hotspot/share/memory/arena.cpp:195), pid=4792, tid=11012
#
# JRE version: OpenJDK Runtime Environment (15.0.1+9) (build 15.0.1+9-18)
# Java VM: OpenJDK 64-Bit Server VM (15.0.1+9-18, mixed mode, tiered, compressed oops, g1 gc, windows-amd64)
# No core dump will be written. Minidumps are not enabled by default on client versions of Windows
#

---------------  S U M M A R Y ------------

Command Line: -Dfile.encoding=UTF-8 -XX:+ShowCodeDetailsInExceptionMessages org.generation.blogPessoal.BlogPessoalApplication

Host: Intel(R) Core(TM) i5-8250U CPU @ 1.60GHz, 8 cores, 3G,  Windows 10 , 64 bit Build 19041 (10.0.19041.928)
Time: Fri May 21 16:16:06 2021 Hora oficial do Brasil elapsed time: 0.421362 seconds (0d 0h 0m 0s)

---------------  T H R E A D  ---------------

Current thread (0x0000020f1c7344c0):  JavaThread "C2 CompilerThread1" daemon [_thread_in_native, id=11012, stack(0x0000003b06c00000,0x0000003b06d00000)]


Current CompileTask:
C2:    421  588   !   4       jdk.internal.loader.URLClassPath$JarLoader::getResource (65 bytes)

Stack: [0x0000003b06c00000,0x0000003b06d00000]
Native frames: (J=compiled Java code, j=interpreted, Vv=VM code, C=native code)
V  [jvm.dll+0x62ae9a]
V  [jvm.dll+0x781389]
V  [jvm.dll+0x782ae3]
V  [jvm.dll+0x783143]
V  [jvm.dll+0x216265]
V  [jvm.dll+0x97efa]
V  [jvm.dll+0x985dc]
V  [jvm.dll+0x32e525]
V  [jvm.dll+0x2f78aa]
V  [jvm.dll+0x2f6c6a]
V  [jvm.dll+0x1ea645]
V  [jvm.dll+0x1e98ae]
V  [jvm.dll+0x1784c7]
V  [jvm.dll+0x1f9165]
V  [jvm.dll+0x1f720c]
V  [jvm.dll+0x74485d]
V  [jvm.dll+0x73d65a]
V  [jvm.dll+0x629c56]
C  [ucrtbase.dll+0x21bb2]
C  [KERNEL32.DLL+0x17034]
C  [ntdll.dll+0x52651]


---------------  P R O C E S S  ---------------

Threads class SMR info:
_java_thread_list=0x0000020f1c869c10, length=12, elements={
0x0000020f038bcd90, 0x0000020f1b5da010, 0x0000020f1b5da9d0, 0x0000020f1b5f8c10,
0x0000020f1b5fd4f0, 0x0000020f1b5fdeb0, 0x0000020f1bf14b70, 0x0000020f1bf25e90,
0x0000020f1bf4ef70, 0x0000020f1c0a3750, 0x0000020f1c0a3f30, 0x0000020f1c7344c0
}

Java Threads: ( => current thread )
  0x0000020f038bcd90 JavaThread "main" [_thread_in_vm, id=5476, stack(0x0000003b05a00000,0x0000003b05b00000)]
  0x0000020f1b5da010 JavaThread "Reference Handler" daemon [_thread_blocked, id=4320, stack(0x0000003b06100000,0x0000003b06200000)]
  0x0000020f1b5da9d0 JavaThread "Finalizer" daemon [_thread_blocked, id=6200, stack(0x0000003b06200000,0x0000003b06300000)]
  0x0000020f1b5f8c10 JavaThread "Signal Dispatcher" daemon [_thread_blocked, id=4264, stack(0x0000003b06300000,0x0000003b06400000)]
  0x0000020f1b5fd4f0 JavaThread "Attach Listener" daemon [_thread_blocked, id=8004, stack(0x0000003b06400000,0x0000003b06500000)]
  0x0000020f1b5fdeb0 JavaThread "Service Thread" daemon [_thread_blocked, id=9820, stack(0x0000003b06500000,0x0000003b06600000)]
  0x0000020f1bf14b70 JavaThread "C2 CompilerThread0" daemon [_thread_in_native, id=9264, stack(0x0000003b06600000,0x0000003b06700000)]
  0x0000020f1bf25e90 JavaThread "C1 CompilerThread0" daemon [_thread_blocked, id=10952, stack(0x0000003b06700000,0x0000003b06800000)]
  0x0000020f1bf4ef70 JavaThread "Sweeper thread" daemon [_thread_blocked, id=3668, stack(0x0000003b06800000,0x0000003b06900000)]
  0x0000020f1c0a3750 JavaThread "Notification Thread" daemon [_thread_blocked, id=7648, stack(0x0000003b06900000,0x0000003b06a00000)]
  0x0000020f1c0a3f30 JavaThread "Common-Cleaner" daemon [_thread_blocked, id=6872, stack(0x0000003b06b00000,0x0000003b06c00000)]
=>0x0000020f1c7344c0 JavaThread "C2 CompilerThread1" daemon [_thread_in_native, id=11012, stack(0x0000003b06c00000,0x0000003b06d00000)]

Other Threads:
  0x0000020f1b5a4e10 VMThread "VM Thread" [stack: 0x0000003b06000000,0x0000003b06100000] [id=8052]
  0x0000020f1c0a3c20 WatcherThread [stack: 0x0000003b06a00000,0x0000003b06b00000] [id=8764]
  0x0000020f038edc20 GCTaskThread "GC Thread#0" [stack: 0x0000003b05b00000,0x0000003b05c00000] [id=10976]
  0x0000020f038f69c0 ConcurrentGCThread "G1 Main Marker" [stack: 0x0000003b05c00000,0x0000003b05d00000] [id=6148]
  0x0000020f038f8c70 ConcurrentGCThread "G1 Conc#0" [stack: 0x0000003b05d00000,0x0000003b05e00000] [id=5320]
  0x0000020f0395efe0 ConcurrentGCThread "G1 Refine#0" [stack: 0x0000003b05e00000,0x0000003b05f00000] [id=6788]
  0x0000020f0395faf0 ConcurrentGCThread "G1 Young RemSet Sampling" [stack: 0x0000003b05f00000,0x0000003b06000000] [id=11808]

Threads with active compile tasks:
C2 CompilerThread0      489  767       4       java.lang.StringLatin1::inflate (34 bytes)
C2 CompilerThread1      489  588   !   4       jdk.internal.loader.URLClassPath$JarLoader::getResource (65 bytes)

VM state: not at safepoint (normal execution)

VM Mutex/Monitor currently owned by a thread: None

Heap address: 0x00000000c1600000, size: 1002 MB, Compressed Oops mode: 32-bit
CDS disabled.
Compressed class space mapped at: 0x0000000100000000-0x0000000140000000, size: 1073741824
Narrow klass base: 0x0000000000000000, Narrow klass shift: 3, Narrow klass range: 0x140000000

GC Precious Log:
 CPUs: 8 total, 8 available
 Memory: 4005M
 Large Page Support: Disabled
 NUMA Support: Disabled
 Compressed Oops: Enabled (32-bit)
 Heap Region Size: 1M
 Heap Min Capacity: 8M
 Heap Initial Capacity: 64M
 Heap Max Capacity: 1002M
 Pre-touch: Disabled
 Parallel Workers: 8
 Concurrent Workers: 2
 Concurrent Refinement Workers: 8
 Periodic GC: Disabled

Heap:
 garbage-first heap   total 65536K, used 15360K [0x00000000c1600000, 0x0000000100000000)
  region size 1024K, 16 young (16384K), 0 survivors (0K)
 Metaspace       used 11007K, capacity 11154K, committed 11392K, reserved 1058816K
  class space    used 1009K, capacity 1054K, committed 1152K, reserved 1048576K

Heap Regions: E=young(eden), S=young(survivor), O=old, HS=humongous(starts), HC=humongous(continues), CS=collection set, F=free, OA=open archive, CA=closed archive, TAMS=top-at-mark-start (previous, next)
|   0|0x00000000c1600000, 0x00000000c1700000, 0x00000000c1700000|100%|HS|  |TAMS 0x00000000c1600000, 0x00000000c1600000| Complete 
|   1|0x00000000c1700000, 0x00000000c1700000, 0x00000000c1800000|  0%| F|  |TAMS 0x00000000c1700000, 0x00000000c1700000| Untracked 
|   2|0x00000000c1800000, 0x00000000c1800000, 0x00000000c1900000|  0%| F|  |TAMS 0x00000000c1800000, 0x00000000c1800000| Untracked 
|   3|0x00000000c1900000, 0x00000000c1900000, 0x00000000c1a00000|  0%| F|  |TAMS 0x00000000c1900000, 0x00000000c1900000| Untracked 
|   4|0x00000000c1a00000, 0x00000000c1a00000, 0x00000000c1b00000|  0%| F|  |TAMS 0x00000000c1a00000, 0x00000000c1a00000| Untracked 
|   5|0x00000000c1b00000, 0x00000000c1b00000, 0x00000000c1c00000|  0%| F|  |TAMS 0x00000000c1b00000, 0x00000000c1b00000| Untracked 
|   6|0x00000000c1c00000, 0x00000000c1c00000, 0x00000000c1d00000|  0%| F|  |TAMS 0x00000000c1c00000, 0x00000000c1c00000| Untracked 
|   7|0x00000000c1d00000, 0x00000000c1d00000, 0x00000000c1e00000|  0%| F|  |TAMS 0x00000000c1d00000, 0x00000000c1d00000| Untracked 
|   8|0x00000000c1e00000, 0x00000000c1e00000, 0x00000000c1f00000|  0%| F|  |TAMS 0x00000000c1e00000, 0x00000000c1e00000| Untracked 
|   9|0x00000000c1f00000, 0x00000000c1f00000, 0x00000000c2000000|  0%| F|  |TAMS 0x00000000c1f00000, 0x00000000c1f00000| Untracked 
|  10|0x00000000c2000000, 0x00000000c2000000, 0x00000000c2100000|  0%| F|  |TAMS 0x00000000c2000000, 0x00000000c2000000| Untracked 
|  11|0x00000000c2100000, 0x00000000c2100000, 0x00000000c2200000|  0%| F|  |TAMS 0x00000000c2100000, 0x00000000c2100000| Untracked 
|  12|0x00000000c2200000, 0x00000000c2200000, 0x00000000c2300000|  0%| F|  |TAMS 0x00000000c2200000, 0x00000000c2200000| Untracked 
|  13|0x00000000c2300000, 0x00000000c2300000, 0x00000000c2400000|  0%| F|  |TAMS 0x00000000c2300000, 0x00000000c2300000| Untracked 
|  14|0x00000000c2400000, 0x00000000c2400000, 0x00000000c2500000|  0%| F|  |TAMS 0x00000000c2400000, 0x00000000c2400000| Untracked 
|  15|0x00000000c2500000, 0x00000000c2500000, 0x00000000c2600000|  0%| F|  |TAMS 0x00000000c2500000, 0x00000000c2500000| Untracked 
|  16|0x00000000c2600000, 0x00000000c2600000, 0x00000000c2700000|  0%| F|  |TAMS 0x00000000c2600000, 0x00000000c2600000| Untracked 
|  17|0x00000000c2700000, 0x00000000c2700000, 0x00000000c2800000|  0%| F|  |TAMS 0x00000000c2700000, 0x00000000c2700000| Untracked 
|  18|0x00000000c2800000, 0x00000000c2800000, 0x00000000c2900000|  0%| F|  |TAMS 0x00000000c2800000, 0x00000000c2800000| Untracked 
|  19|0x00000000c2900000, 0x00000000c2900000, 0x00000000c2a00000|  0%| F|  |TAMS 0x00000000c2900000, 0x00000000c2900000| Untracked 
|  20|0x00000000c2a00000, 0x00000000c2a00000, 0x00000000c2b00000|  0%| F|  |TAMS 0x00000000c2a00000, 0x00000000c2a00000| Untracked 
|  21|0x00000000c2b00000, 0x00000000c2b00000, 0x00000000c2c00000|  0%| F|  |TAMS 0x00000000c2b00000, 0x00000000c2b00000| Untracked 
|  22|0x00000000c2c00000, 0x00000000c2c00000, 0x00000000c2d00000|  0%| F|  |TAMS 0x00000000c2c00000, 0x00000000c2c00000| Untracked 
|  23|0x00000000c2d00000, 0x00000000c2d00000, 0x00000000c2e00000|  0%| F|  |TAMS 0x00000000c2d00000, 0x00000000c2d00000| Untracked 
|  24|0x00000000c2e00000, 0x00000000c2e00000, 0x00000000c2f00000|  0%| F|  |TAMS 0x00000000c2e00000, 0x00000000c2e00000| Untracked 
|  25|0x00000000c2f00000, 0x00000000c2f00000, 0x00000000c3000000|  0%| F|  |TAMS 0x00000000c2f00000, 0x00000000c2f00000| Untracked 
|  26|0x00000000c3000000, 0x00000000c3000000, 0x00000000c3100000|  0%| F|  |TAMS 0x00000000c3000000, 0x00000000c3000000| Untracked 
|  27|0x00000000c3100000, 0x00000000c3100000, 0x00000000c3200000|  0%| F|  |TAMS 0x00000000c3100000, 0x00000000c3100000| Untracked 
|  28|0x00000000c3200000, 0x00000000c3200000, 0x00000000c3300000|  0%| F|  |TAMS 0x00000000c3200000, 0x00000000c3200000| Untracked 
|  29|0x00000000c3300000, 0x00000000c3300000, 0x00000000c3400000|  0%| F|  |TAMS 0x00000000c3300000, 0x00000000c3300000| Untracked 
|  30|0x00000000c3400000, 0x00000000c3400000, 0x00000000c3500000|  0%| F|  |TAMS 0x00000000c3400000, 0x00000000c3400000| Untracked 
|  31|0x00000000c3500000, 0x00000000c3500000, 0x00000000c3600000|  0%| F|  |TAMS 0x00000000c3500000, 0x00000000c3500000| Untracked 
|  32|0x00000000c3600000, 0x00000000c3600000, 0x00000000c3700000|  0%| F|  |TAMS 0x00000000c3600000, 0x00000000c3600000| Untracked 
|  33|0x00000000c3700000, 0x00000000c3700000, 0x00000000c3800000|  0%| F|  |TAMS 0x00000000c3700000, 0x00000000c3700000| Untracked 
|  34|0x00000000c3800000, 0x00000000c3800000, 0x00000000c3900000|  0%| F|  |TAMS 0x00000000c3800000, 0x00000000c3800000| Untracked 
|  35|0x00000000c3900000, 0x00000000c3900000, 0x00000000c3a00000|  0%| F|  |TAMS 0x00000000c3900000, 0x00000000c3900000| Untracked 
|  36|0x00000000c3a00000, 0x00000000c3a00000, 0x00000000c3b00000|  0%| F|  |TAMS 0x00000000c3a00000, 0x00000000c3a00000| Untracked 
|  37|0x00000000c3b00000, 0x00000000c3b00000, 0x00000000c3c00000|  0%| F|  |TAMS 0x00000000c3b00000, 0x00000000c3b00000| Untracked 
|  38|0x00000000c3c00000, 0x00000000c3c00000, 0x00000000c3d00000|  0%| F|  |TAMS 0x00000000c3c00000, 0x00000000c3c00000| Untracked 
|  39|0x00000000c3d00000, 0x00000000c3d00000, 0x00000000c3e00000|  0%| F|  |TAMS 0x00000000c3d00000, 0x00000000c3d00000| Untracked 
|  40|0x00000000c3e00000, 0x00000000c3e00000, 0x00000000c3f00000|  0%| F|  |TAMS 0x00000000c3e00000, 0x00000000c3e00000| Untracked 
|  41|0x00000000c3f00000, 0x00000000c3f00000, 0x00000000c4000000|  0%| F|  |TAMS 0x00000000c3f00000, 0x00000000c3f00000| Untracked 
|  42|0x00000000c4000000, 0x00000000c4000000, 0x00000000c4100000|  0%| F|  |TAMS 0x00000000c4000000, 0x00000000c4000000| Untracked 
|  43|0x00000000c4100000, 0x00000000c4100000, 0x00000000c4200000|  0%| F|  |TAMS 0x00000000c4100000, 0x00000000c4100000| Untracked 
|  44|0x00000000c4200000, 0x00000000c4200000, 0x00000000c4300000|  0%| F|  |TAMS 0x00000000c4200000, 0x00000000c4200000| Untracked 
|  45|0x00000000c4300000, 0x00000000c4300000, 0x00000000c4400000|  0%| F|  |TAMS 0x00000000c4300000, 0x00000000c4300000| Untracked 
|  46|0x00000000c4400000, 0x00000000c4400000, 0x00000000c4500000|  0%| F|  |TAMS 0x00000000c4400000, 0x00000000c4400000| Untracked 
|  47|0x00000000c4500000, 0x00000000c4500000, 0x00000000c4600000|  0%| F|  |TAMS 0x00000000c4500000, 0x00000000c4500000| Untracked 
|  48|0x00000000c4600000, 0x00000000c46ee0a0, 0x00000000c4700000| 92%| E|  |TAMS 0x00000000c4600000, 0x00000000c4600000| Complete 
|  49|0x00000000c4700000, 0x00000000c4800000, 0x00000000c4800000|100%| E|CS|TAMS 0x00000000c4700000, 0x00000000c4700000| Complete 
|  50|0x00000000c4800000, 0x00000000c4900000, 0x00000000c4900000|100%| E|CS|TAMS 0x00000000c4800000, 0x00000000c4800000| Complete 
|  51|0x00000000c4900000, 0x00000000c4a00000, 0x00000000c4a00000|100%| E|CS|TAMS 0x00000000c4900000, 0x00000000c4900000| Complete 
|  52|0x00000000c4a00000, 0x00000000c4b00000, 0x00000000c4b00000|100%| E|CS|TAMS 0x00000000c4a00000, 0x00000000c4a00000| Complete 
|  53|0x00000000c4b00000, 0x00000000c4c00000, 0x00000000c4c00000|100%| E|CS|TAMS 0x00000000c4b00000, 0x00000000c4b00000| Complete 
|  54|0x00000000c4c00000, 0x00000000c4d00000, 0x00000000c4d00000|100%| E|CS|TAMS 0x00000000c4c00000, 0x00000000c4c00000| Complete 
|  55|0x00000000c4d00000, 0x00000000c4e00000, 0x00000000c4e00000|100%| E|CS|TAMS 0x00000000c4d00000, 0x00000000c4d00000| Complete 
|  56|0x00000000c4e00000, 0x00000000c4f00000, 0x00000000c4f00000|100%| E|CS|TAMS 0x00000000c4e00000, 0x00000000c4e00000| Complete 
|  57|0x00000000c4f00000, 0x00000000c5000000, 0x00000000c5000000|100%| E|CS|TAMS 0x00000000c4f00000, 0x00000000c4f00000| Complete 
|  58|0x00000000c5000000, 0x00000000c5100000, 0x00000000c5100000|100%| E|CS|TAMS 0x00000000c5000000, 0x00000000c5000000| Complete 
|  59|0x00000000c5100000, 0x00000000c5200000, 0x00000000c5200000|100%| E|CS|TAMS 0x00000000c5100000, 0x00000000c5100000| Complete 
|  60|0x00000000c5200000, 0x00000000c5300000, 0x00000000c5300000|100%| E|  |TAMS 0x00000000c5200000, 0x00000000c5200000| Complete 
|  61|0x00000000c5300000, 0x00000000c5400000, 0x00000000c5400000|100%| E|CS|TAMS 0x00000000c5300000, 0x00000000c5300000| Complete 
|  62|0x00000000c5400000, 0x00000000c5500000, 0x00000000c5500000|100%| E|CS|TAMS 0x00000000c5400000, 0x00000000c5400000| Complete 
|  63|0x00000000c5500000, 0x00000000c5600000, 0x00000000c5600000|100%| E|CS|TAMS 0x00000000c5500000, 0x00000000c5500000| Complete 

Card table byte_map: [0x0000020f16800000,0x0000020f16a00000] _byte_map_base: 0x0000020f161f5000

Marking Bits (Prev, Next): (CMBitMap*) 0x0000020f038ee320, (CMBitMap*) 0x0000020f038ee360
 Prev Bits: [0x0000020f16c00000, 0x0000020f17ba8000)
 Next Bits: [0x0000020f17bb0000, 0x0000020f18b58000)

Polling page: 0x0000020f01810000

Metaspace:

Usage:
  Non-class:      9.86 MB capacity,     9.77 MB (>99%) used,    88.23 KB ( <1%) free+waste,     7.81 KB ( <1%) overhead. 
      Class:      1.03 MB capacity,  1010.69 KB ( 96%) used,    40.69 KB (  4%) free+waste,     2.62 KB ( <1%) overhead. 
       Both:     10.89 MB capacity,    10.76 MB ( 99%) used,   128.92 KB (  1%) free+waste,    10.44 KB ( <1%) overhead. 

Virtual space:
  Non-class space:       10.00 MB reserved,      10.00 MB (100%) committed 
      Class space:        1.00 GB reserved,       1.12 MB ( <1%) committed 
             Both:        1.01 GB reserved,      11.12 MB (  1%) committed 

Chunk freelists:
   Non-Class:  12.00 KB
       Class:  2.00 KB
        Both:  14.00 KB

MaxMetaspaceSize: 17179869184.00 GB
CompressedClassSpaceSize: 1.00 GB

CodeHeap 'non-profiled nmethods': size=120000Kb used=247Kb max_used=247Kb free=119752Kb
 bounds [0x0000020f0eda0000, 0x0000020f0f010000, 0x0000020f162d0000]
CodeHeap 'profiled nmethods': size=120000Kb used=1417Kb max_used=1417Kb free=118582Kb
 bounds [0x0000020f07870000, 0x0000020f07ae0000, 0x0000020f0eda0000]
CodeHeap 'non-nmethods': size=5760Kb used=1147Kb max_used=1179Kb free=4612Kb
 bounds [0x0000020f072d0000, 0x0000020f07540000, 0x0000020f07870000]
 total_blobs=1171 nmethods=771 adapters=313
 compilation: enabled
              stopped_count=0, restarted_count=0
 full_count=0

Compilation events (20 events):
Event: 0.395 Thread 0x0000020f1bf25e90 nmethod 651 0x0000020f07987290 code [0x0000020f07987480, 0x0000020f079879a8]
Event: 0.395 Thread 0x0000020f1bf25e90  652   !   3       java.util.zip.Inflater::needsInput (55 bytes)
Event: 0.395 Thread 0x0000020f1bf25e90 nmethod 652 0x0000020f07987b90 code [0x0000020f07987d40, 0x0000020f079880f8]
Event: 0.396 Thread 0x0000020f1bf25e90  655       3       jdk.internal.org.objectweb.asm.SymbolTable::addConstantUtf8Reference (101 bytes)
Event: 0.397 Thread 0x0000020f1bf25e90 nmethod 655 0x0000020f07988210 code [0x0000020f07988420, 0x0000020f079889d8]
Event: 0.397 Thread 0x0000020f1bf25e90  654       3       jdk.internal.org.objectweb.asm.SymbolTable::addConstantClass (8 bytes)
Event: 0.397 Thread 0x0000020f1bf25e90 nmethod 654 0x0000020f07988d10 code [0x0000020f07988ec0, 0x0000020f07988fe8]
Event: 0.397 Thread 0x0000020f1bf25e90  656       3       java.lang.invoke.MemberName::getReferenceKind (12 bytes)
Event: 0.397 Thread 0x0000020f1bf25e90 nmethod 656 0x0000020f07989090 code [0x0000020f07989220, 0x0000020f07989338]
Event: 0.400 Thread 0x0000020f1bf25e90  657       3       java.security.CodeSource::getCertificates (98 bytes)
Event: 0.400 Thread 0x0000020f1bf25e90 nmethod 657 0x0000020f07989410 code [0x0000020f07989680, 0x0000020f0798a198]
Event: 0.401 Thread 0x0000020f1bf25e90  658  s    3       jdk.internal.loader.Resource::cachedInputStream (20 bytes)
Event: 0.401 Thread 0x0000020f1bf25e90 nmethod 658 0x0000020f0798a490 code [0x0000020f0798a640, 0x0000020f0798a948]
Event: 0.402 Thread 0x0000020f1bf25e90  659       3       java.lang.reflect.Modifier::isPublic (12 bytes)
Event: 0.402 Thread 0x0000020f1bf25e90 nmethod 659 0x0000020f0798aa10 code [0x0000020f0798aba0, 0x0000020f0798acd8]
Event: 0.413 Thread 0x0000020f1bf25e90  662       3       java.util.zip.ZipFile$Source::getEntryPos (9 bytes)
Event: 0.413 Thread 0x0000020f1bf25e90 nmethod 662 0x0000020f0798ad90 code [0x0000020f0798af20, 0x0000020f0798b058]
Event: 0.418 Thread 0x0000020f1bf25e90  663       3       jdk.internal.org.objectweb.asm.ByteVector::putInt (74 bytes)
Event: 0.419 Thread 0x0000020f1bf25e90 nmethod 663 0x0000020f0798b110 code [0x0000020f0798b2c0, 0x0000020f0798b508]
Event: 0.419 Thread 0x0000020f1bf25e90  664       3       sun.invoke.util.VerifyAccess::isTypeVisible (118 bytes)

GC Heap History (0 events):
No events

Deoptimization events (20 events):
Event: 0.323 Thread 0x0000020f038bcd90 Uncommon trap: trap_request=0xffffff45 fr.pc=0x0000020f0edabbc8 relative=0x0000000000000428
Event: 0.323 Thread 0x0000020f038bcd90 Uncommon trap: reason=unstable_if action=reinterpret pc=0x0000020f0edabbc8 method=java.lang.StringLatin1.canEncode(I)Z @ 4 c2
Event: 0.323 Thread 0x0000020f038bcd90 DEOPT PACKING pc=0x0000020f0edabbc8 sp=0x0000003b05afd7f0
Event: 0.323 Thread 0x0000020f038bcd90 DEOPT UNPACKING pc=0x0000020f0731e42f sp=0x0000003b05afd718 mode 2
Event: 0.323 Thread 0x0000020f038bcd90 Uncommon trap: trap_request=0xffffff45 fr.pc=0x0000020f0edad80c relative=0x00000000000003ec
Event: 0.323 Thread 0x0000020f038bcd90 Uncommon trap: reason=unstable_if action=reinterpret pc=0x0000020f0edad80c method=java.lang.AbstractStringBuilder.isLatin1()Z @ 10 c2
Event: 0.323 Thread 0x0000020f038bcd90 DEOPT PACKING pc=0x0000020f0edad80c sp=0x0000003b05afd800
Event: 0.323 Thread 0x0000020f038bcd90 DEOPT UNPACKING pc=0x0000020f0731e42f sp=0x0000003b05afd780 mode 2
Event: 0.323 Thread 0x0000020f038bcd90 Uncommon trap: trap_request=0xffffff45 fr.pc=0x0000020f0edaabd8 relative=0x0000000000000058
Event: 0.323 Thread 0x0000020f038bcd90 Uncommon trap: reason=unstable_if action=reinterpret pc=0x0000020f0edaabd8 method=java.lang.AbstractStringBuilder.isLatin1()Z @ 10 c2
Event: 0.323 Thread 0x0000020f038bcd90 DEOPT PACKING pc=0x0000020f0edaabd8 sp=0x0000003b05afd7e0
Event: 0.323 Thread 0x0000020f038bcd90 DEOPT UNPACKING pc=0x0000020f0731e42f sp=0x0000003b05afd770 mode 2
Event: 0.344 Thread 0x0000020f038bcd90 Uncommon trap: trap_request=0xffffff45 fr.pc=0x0000020f0eda7c34 relative=0x0000000000000034
Event: 0.344 Thread 0x0000020f038bcd90 Uncommon trap: reason=unstable_if action=reinterpret pc=0x0000020f0eda7c34 method=java.lang.StringLatin1.canEncode(I)Z @ 4 c2
Event: 0.344 Thread 0x0000020f038bcd90 DEOPT PACKING pc=0x0000020f0eda7c34 sp=0x0000003b05afcdf0
Event: 0.344 Thread 0x0000020f038bcd90 DEOPT UNPACKING pc=0x0000020f0731e42f sp=0x0000003b05afcd80 mode 2
Event: 0.369 Thread 0x0000020f038bcd90 Uncommon trap: trap_request=0xffffff45 fr.pc=0x0000020f0edac460 relative=0x0000000000000060
Event: 0.369 Thread 0x0000020f038bcd90 Uncommon trap: reason=unstable_if action=reinterpret pc=0x0000020f0edac460 method=java.io.WinNTFileSystem.isSlash(C)Z @ 9 c2
Event: 0.369 Thread 0x0000020f038bcd90 DEOPT PACKING pc=0x0000020f0edac460 sp=0x0000003b05afeb80
Event: 0.369 Thread 0x0000020f038bcd90 DEOPT UNPACKING pc=0x0000020f0731e42f sp=0x0000003b05afeb08 mode 2

Classes unloaded (0 events):
No events

Classes redefined (0 events):
No events

Internal exceptions (5 events):
Event: 0.253 Thread 0x0000020f038bcd90 Exception <a 'java/lang/ClassNotFoundException'{0x00000000c4e3b2c8}: javax/smartcardio/CardPermission> (0x00000000c4e3b2c8) 
thrown [./open/src/hotspot/share/classfile/systemDictionary.cpp, line 295]
Event: 0.256 Thread 0x0000020f038bcd90 Exception <a 'java/io/FileNotFoundException'{0x00000000c4e49968}> (0x00000000c4e49968) 
thrown [./open/src/hotspot/share/prims/jni.cpp, line 578]
Event: 0.272 Thread 0x0000020f038bcd90 Exception <a 'java/lang/NoSuchMethodError'{0x00000000c4e74090}: 'void java.lang.invoke.DirectMethodHandle$Holder.invokeSpecial(java.lang.Object, java.lang.Object, java.lang.Object)'> (0x00000000c4e74090) 
thrown [./open/src/hotspot/share/interpreter/linkResolver.cpp, line 782]
Event: 0.380 Thread 0x0000020f038bcd90 Exception <a 'java/lang/NoSuchMethodError'{0x00000000c4ab54a8}: 'java.lang.Object java.lang.invoke.DirectMethodHandle$Holder.invokeSpecialIFC(java.lang.Object, java.lang.Object, java.lang.Object, java.lang.Object)'> (0x00000000c4ab54a8) 
thrown [./open/src/hotspot/share/interpreter/linkResolver.cpp, line 782]
Event: 0.396 Thread 0x0000020f038bcd90 Exception <a 'java/lang/NoSuchMethodError'{0x00000000c4961c88}: 'int java.lang.invoke.DirectMethodHandle$Holder.invokeStaticInit(java.lang.Object, java.lang.Object)'> (0x00000000c4961c88) 
thrown [./open/src/hotspot/share/interpreter/linkResolver.cpp, line 782]

Events (20 events):
Event: 0.416 loading class jdk/internal/loader/AbstractClassLoaderValue$Sub
Event: 0.417 loading class jdk/internal/loader/AbstractClassLoaderValue$Sub done
Event: 0.417 loading class java/lang/reflect/Proxy$ProxyBuilder
Event: 0.417 loading class java/lang/reflect/Proxy$ProxyBuilder done
Event: 0.417 loading class java/util/Collections$SingletonList
Event: 0.417 loading class java/util/Collections$SingletonList done
Event: 0.417 loading class java/util/Collections$1
Event: 0.418 loading class java/util/Collections$1 done
Event: 0.418 loading class java/lang/PublicMethods
Event: 0.418 loading class java/lang/PublicMethods done
Event: 0.418 loading class java/util/LinkedHashMap$LinkedValues
Event: 0.418 loading class java/util/LinkedHashMap$LinkedValues done
Event: 0.418 loading class java/util/LinkedHashMap$LinkedValueIterator
Event: 0.418 loading class java/util/LinkedHashMap$LinkedValueIterator done
Event: 0.418 loading class java/lang/reflect/ProxyGenerator
Event: 0.419 loading class java/lang/reflect/ProxyGenerator done
Event: 0.419 loading class java/lang/reflect/ProxyGenerator$ProxyMethod
Event: 0.419 loading class java/lang/reflect/ProxyGenerator$ProxyMethod done
Event: 0.419 loading class java/lang/InterruptedException
Event: 0.419 loading class java/lang/InterruptedException done


Dynamic libraries:
0x00007ff6a9bf0000 - 0x00007ff6a9bfd000 	C:\Users\Thales\.p2\pool\plugins\org.eclipse.justj.openjdk.hotspot.jre.full.win32.x86_64_15.0.1.v20201027-0507\jre\bin\javaw.exe
0x00007ff809630000 - 0x00007ff809825000 	C:\WINDOWS\SYSTEM32\ntdll.dll
0x00007ff8093b0000 - 0x00007ff80946d000 	C:\WINDOWS\System32\KERNEL32.DLL
0x00007ff8070c0000 - 0x00007ff807388000 	C:\WINDOWS\System32\KERNELBASE.dll
0x00007ff807520000 - 0x00007ff807620000 	C:\WINDOWS\System32\ucrtbase.dll
0x00007ffff2a70000 - 0x00007ffff2a88000 	C:\Users\Thales\.p2\pool\plugins\org.eclipse.justj.openjdk.hotspot.jre.full.win32.x86_64_15.0.1.v20201027-0507\jre\bin\jli.dll
0x00007ffff1310000 - 0x00007ffff1329000 	C:\Users\Thales\.p2\pool\plugins\org.eclipse.justj.openjdk.hotspot.jre.full.win32.x86_64_15.0.1.v20201027-0507\jre\bin\VCRUNTIME140.dll
0x00007ff807780000 - 0x00007ff807920000 	C:\WINDOWS\System32\USER32.dll
0x00007ff806ff0000 - 0x00007ff807012000 	C:\WINDOWS\System32\win32u.dll
0x00007fffedeb0000 - 0x00007fffee14a000 	C:\WINDOWS\WinSxS\amd64_microsoft.windows.common-controls_6595b64144ccf1df_6.0.19041.844_none_ca00b6081b84eb1d\COMCTL32.dll
0x00007ff809380000 - 0x00007ff8093aa000 	C:\WINDOWS\System32\GDI32.dll
0x00007ff807990000 - 0x00007ff807a2e000 	C:\WINDOWS\System32\msvcrt.dll
0x00007ff807670000 - 0x00007ff80777b000 	C:\WINDOWS\System32\gdi32full.dll
0x00007ff807020000 - 0x00007ff8070bd000 	C:\WINDOWS\System32\msvcp_win.dll
0x00007ff809470000 - 0x00007ff8094a0000 	C:\WINDOWS\System32\IMM32.DLL
0x00007fffff0f0000 - 0x00007fffff0fc000 	C:\Users\Thales\.p2\pool\plugins\org.eclipse.justj.openjdk.hotspot.jre.full.win32.x86_64_15.0.1.v20201027-0507\jre\bin\vcruntime140_1.dll
0x00007fffecdf0000 - 0x00007fffece81000 	C:\Users\Thales\.p2\pool\plugins\org.eclipse.justj.openjdk.hotspot.jre.full.win32.x86_64_15.0.1.v20201027-0507\jre\bin\msvcp140.dll
0x00007fffd2fa0000 - 0x00007fffd3afe000 	C:\Users\Thales\.p2\pool\plugins\org.eclipse.justj.openjdk.hotspot.jre.full.win32.x86_64_15.0.1.v20201027-0507\jre\bin\server\jvm.dll
0x00007ff807a40000 - 0x00007ff807aec000 	C:\WINDOWS\System32\ADVAPI32.dll
0x00007ff809280000 - 0x00007ff80931b000 	C:\WINDOWS\System32\sechost.dll
0x00007ff809150000 - 0x00007ff80927b000 	C:\WINDOWS\System32\RPCRT4.dll
0x00007ff809580000 - 0x00007ff809588000 	C:\WINDOWS\System32\PSAPI.DLL
0x00007ff801800000 - 0x00007ff801809000 	C:\WINDOWS\SYSTEM32\WSOCK32.dll
0x00007fffff2d0000 - 0x00007fffff2f7000 	C:\WINDOWS\SYSTEM32\WINMM.dll
0x00007ff800d30000 - 0x00007ff800d3a000 	C:\WINDOWS\SYSTEM32\VERSION.dll
0x00007ff808020000 - 0x00007ff80808b000 	C:\WINDOWS\System32\WS2_32.dll
0x00007ff804db0000 - 0x00007ff804dc2000 	C:\WINDOWS\SYSTEM32\kernel.appcore.dll
0x00007fffff4b0000 - 0x00007fffff4ba000 	C:\Users\Thales\.p2\pool\plugins\org.eclipse.justj.openjdk.hotspot.jre.full.win32.x86_64_15.0.1.v20201027-0507\jre\bin\jimage.dll
0x00007ffff25e0000 - 0x00007ffff27c4000 	C:\WINDOWS\SYSTEM32\DBGHELP.DLL
0x00007ffff2560000 - 0x00007ffff258c000 	C:\WINDOWS\SYSTEM32\dbgcore.DLL
0x00007ff8074a0000 - 0x00007ff807520000 	C:\WINDOWS\System32\bcryptPrimitives.dll
0x00007ffff2300000 - 0x00007ffff2325000 	C:\Users\Thales\.p2\pool\plugins\org.eclipse.justj.openjdk.hotspot.jre.full.win32.x86_64_15.0.1.v20201027-0507\jre\bin\java.dll
0x00007ffff7e50000 - 0x00007ffff7e68000 	C:\Users\Thales\.p2\pool\plugins\org.eclipse.justj.openjdk.hotspot.jre.full.win32.x86_64_15.0.1.v20201027-0507\jre\bin\zip.dll
0x00007ff808090000 - 0x00007ff8087d2000 	C:\WINDOWS\System32\SHELL32.dll
0x00007ff804fe0000 - 0x00007ff805770000 	C:\WINDOWS\SYSTEM32\windows.storage.dll
0x00007ff807af0000 - 0x00007ff807e45000 	C:\WINDOWS\System32\combase.dll
0x00007ff8068d0000 - 0x00007ff8068fc000 	C:\WINDOWS\SYSTEM32\Wldp.dll
0x00007ff808900000 - 0x00007ff8089ae000 	C:\WINDOWS\System32\SHCORE.dll
0x00007ff807930000 - 0x00007ff807985000 	C:\WINDOWS\System32\shlwapi.dll
0x00007ff806da0000 - 0x00007ff806dbf000 	C:\WINDOWS\SYSTEM32\profapi.dll
0x00007ffff2e00000 - 0x00007ffff2e19000 	C:\Users\Thales\.p2\pool\plugins\org.eclipse.justj.openjdk.hotspot.jre.full.win32.x86_64_15.0.1.v20201027-0507\jre\bin\net.dll
0x00007ffffdb30000 - 0x00007ffffdc3b000 	C:\WINDOWS\SYSTEM32\WINHTTP.dll
0x00007ff806570000 - 0x00007ff8065da000 	C:\WINDOWS\system32\mswsock.dll
0x00007ffff2d20000 - 0x00007ffff2d32000 	C:\Users\Thales\.p2\pool\plugins\org.eclipse.justj.openjdk.hotspot.jre.full.win32.x86_64_15.0.1.v20201027-0507\jre\bin\nio.dll
0x00007ffffb6f0000 - 0x00007ffffb700000 	C:\Users\Thales\.p2\pool\plugins\org.eclipse.justj.openjdk.hotspot.jre.full.win32.x86_64_15.0.1.v20201027-0507\jre\bin\verify.dll

dbghelp: loaded successfully - version: 4.0.5 - missing functions: none
symbol engine: initialized successfully - sym options: 0x614 - pdb path: .;C:\Users\Thales\.p2\pool\plugins\org.eclipse.justj.openjdk.hotspot.jre.full.win32.x86_64_15.0.1.v20201027-0507\jre\bin;C:\WINDOWS\SYSTEM32;C:\WINDOWS\WinSxS\amd64_microsoft.windows.common-controls_6595b64144ccf1df_6.0.19041.844_none_ca00b6081b84eb1d;C:\Users\Thales\.p2\pool\plugins\org.eclipse.justj.openjdk.hotspot.jre.full.win32.x86_64_15.0.1.v20201027-0507\jre\bin\server

VM Arguments:
jvm_args: -Dfile.encoding=UTF-8 -XX:+ShowCodeDetailsInExceptionMessages 
java_command: org.generation.blogPessoal.BlogPessoalApplication
java_class_path (initial): C:\Users\Thales\Documents\blogPessoal\blogPessoal\target\classes;C:\Users\Thales\.m2\repository\org\springframework\boot\spring-boot-starter-data-jpa\2.4.3\spring-boot-starter-data-jpa-2.4.3.jar;C:\Users\Thales\.m2\repository\org\springframework\boot\spring-boot-starter-aop\2.4.3\spring-boot-starter-aop-2.4.3.jar;C:\Users\Thales\.m2\repository\org\aspectj\aspectjweaver\1.9.6\aspectjweaver-1.9.6.jar;C:\Users\Thales\.m2\repository\org\springframework\boot\spring-boot-starter-jdbc\2.4.3\spring-boot-starter-jdbc-2.4.3.jar;C:\Users\Thales\.m2\repository\com\zaxxer\HikariCP\3.4.5\HikariCP-3.4.5.jar;C:\Users\Thales\.m2\repository\org\springframework\spring-jdbc\5.3.4\spring-jdbc-5.3.4.jar;C:\Users\Thales\.m2\repository\jakarta\transaction\jakarta.transaction-api\1.3.3\jakarta.transaction-api-1.3.3.jar;C:\Users\Thales\.m2\repository\jakarta\persistence\jakarta.persistence-api\2.2.3\jakarta.persistence-api-2.2.3.jar;C:\Users\Thales\.m2\repository\org\hibernate\hibernate-core\5.4.28.Final\hibernate-core-5.4.28.Final.jar;C:\Users\Thales\.m2\repository\org\jboss\logging\jboss-logging\3.4.1.Final\jboss-logging-3.4.1.Final.jar;C:\Users\Thales\.m2\repository\org\javassist\javassist\3.27.0-GA\javassist-3.27.0-GA.jar;C:\Users\Thales\.m2\repository\net\bytebuddy\byte-buddy\1.10.20\byte-buddy-1.10.20.jar;C:\Users\Thales\.m2\repository\antlr\antlr\2.7.7\antlr-2.7.7.jar;C:\Users\Thales\.m2\repository\org\jboss\jandex\2.2.3.Final\jandex-2.2.3.Final.jar;C:\Users\Thales\.m2\repository\org\dom4j\dom4j\2.1.3\dom4j-2.1.3.jar;C:\Users\Thales\.m2\repository\org\hibernate\common\hibernate-commons-annotations\5.1.2.Final\hibernate-commons-annotations-5.1.2.Final.jar;C:\Users\Thales\.m2\repository\org\glassfish\jaxb\jaxb-runtime\2.3.3\jaxb-runtime-2.3.3.jar;C:\Users\Thales\.m2\repository\org\glassfish\jaxb\txw2\2.3.3\txw2-2.3.3.jar;C:\Users\Thales\.m2\repository\com\sun\istack\istack-commons-runtime\3.0.11\istack-commons-runtime-3.0.11.jar;C:\Users\Thales\.m2\repositor
Launcher Type: SUN_STANDARD

[Global flags]
     intx CICompilerCount                          = 4                                         {product} {ergonomic}
     uint ConcGCThreads                            = 2                                         {product} {ergonomic}
     uint G1ConcRefinementThreads                  = 8                                         {product} {ergonomic}
   size_t G1HeapRegionSize                         = 1048576                                   {product} {ergonomic}
    uintx GCDrainStackTargetSize                   = 64                                        {product} {ergonomic}
   size_t InitialHeapSize                          = 67108864                                  {product} {ergonomic}
   size_t MarkStackSize                            = 4194304                                   {product} {ergonomic}
   size_t MaxHeapSize                              = 1050673152                                {product} {ergonomic}
   size_t MaxNewSize                               = 630194176                                 {product} {ergonomic}
   size_t MinHeapDeltaBytes                        = 1048576                                   {product} {ergonomic}
   size_t MinHeapSize                              = 8388608                                   {product} {ergonomic}
    uintx NonNMethodCodeHeapSize                   = 5839372                                {pd product} {ergonomic}
    uintx NonProfiledCodeHeapSize                  = 122909434                              {pd product} {ergonomic}
    uintx ProfiledCodeHeapSize                     = 122909434                              {pd product} {ergonomic}
    uintx ReservedCodeCacheSize                    = 251658240                              {pd product} {ergonomic}
     bool SegmentedCodeCache                       = true                                      {product} {ergonomic}
     bool ShowCodeDetailsInExceptionMessages       = true                                   {manageable} {command line}
   size_t SoftMaxHeapSize                          = 1050673152                             {manageable} {ergonomic}
     bool UseCompressedClassPointers               = true                                 {lp64_product} {ergonomic}
     bool UseCompressedOops                        = true                                 {lp64_product} {ergonomic}
     bool UseG1GC                                  = true                                      {product} {ergonomic}
     bool UseLargePagesIndividualAllocation        = false                                  {pd product} {ergonomic}

Logging:
Log output configuration:
 #0: stdout all=warning uptime,level,tags
 #1: stderr all=off uptime,level,tags

Environment Variables:
PATH=C:/Users/Thales/.p2/pool/plugins/org.eclipse.justj.openjdk.hotspot.jre.full.win32.x86_64_15.0.1.v20201027-0507/jre/bin/server;C:/Users/Thales/.p2/pool/plugins/org.eclipse.justj.openjdk.hotspot.jre.full.win32.x86_64_15.0.1.v20201027-0507/jre/bin;C:\Program Files\Common Files\Oracle\Java\javapath;C:\Program Files\AdoptOpenJDK\jdk-11.0.10.9-hotspot\bin;C:\WINDOWS\system32;C:\WINDOWS;C:\WINDOWS\System32\Wbem;C:\WINDOWS\System32\WindowsPowerShell\v1.0\;C:\WINDOWS\System32\OpenSSH\;C:\Program Files\Java\jdk-15.0.2\bin;C:\Program Files\Microsoft SQL Server\130\Tools\Binn\;C:\ProgramData\UNIVALI\Portugol Studio;C:\Program Files\Git\cmd;C:\Program Files\nodejs\;C:\Program Files\dotnet\;;C:\Users\Thales\AppData\Local\Microsoft\WindowsApps;C:\Users\Thales\AppData\Roaming\npm;C:\Users\Thales\AppData\Local\Programs\Microsoft VS Code\bin;C:\Users\Thales\.dotnet\tools;C:\Users\Thales\Desktop\Programas Computação\eclipse;
USERNAME=Thales
OS=Windows_NT
PROCESSOR_IDENTIFIER=Intel64 Family 6 Model 142 Stepping 10, GenuineIntel



---------------  S Y S T E M  ---------------

OS:
 Windows 10 , 64 bit Build 19041 (10.0.19041.928)
OS uptime: 3 days 4:30 hours

CPU: total 8 (initial active 8) (4 cores per cpu, 2 threads per core) family 6 model 142 stepping 10 microcode 0xe0, cmov, cx8, fxsr, mmx, sse, sse2, sse3, ssse3, sse4.1, sse4.2, popcnt, vzeroupper, avx, avx2, aes, clmul, erms, 3dnowpref, lzcnt, ht, tsc, tscinvbit, bmi1, bmi2, adx, fma, clflush, clflushopt

Memory: 4k page, system-wide physical 4005M (512M free)
TotalPageFile size 5401M (AvailPageFile size 4M)
current process WorkingSet (physical memory assigned to process): 69M, peak: 69M
current process commit charge ("private bytes"): 159M, peak: 159M

vm_info: OpenJDK 64-Bit Server VM (15.0.1+9-18) for windows-amd64 JRE (15.0.1+9-18), built on Sep 15 2020 14:39:31 by "mach5one" with unknown MS VC++:1925

END.
